{"meta": {"format": 3, "version": "7.11.0", "timestamp": "2025-12-25T16:51:59.391712", "branch_coverage": true, "show_contexts": false}, "files": {"pyfixest/__init__.py": {"executed_lines": [2, 9, 18, 27, 28, 34, 63, 65, 66], "summary": {"covered_lines": 9, "num_statements": 11, "percent_covered": 81.81818181818181, "percent_covered_display": "82", "missing_lines": 2, "excluded_lines": 0, "num_branches": 0, "num_partial_branches": 0, "covered_branches": 0, "missing_branches": 0}, "missing_lines": [67, 68], "excluded_lines": [], "executed_branches": [], "missing_branches": [], "functions": {"": {"executed_lines": [2, 9, 18, 27, 28, 34, 63, 65, 66], "summary": {"covered_lines": 9, "num_statements": 11, "percent_covered": 81.81818181818181, "percent_covered_display": "82", "missing_lines": 2, "excluded_lines": 0, "num_branches": 0, "num_partial_branches": 0, "covered_branches": 0, "missing_branches": 0}, "missing_lines": [67, 68], "excluded_lines": [], "executed_branches": [], "missing_branches": []}}, "classes": {"": {"executed_lines": [2, 9, 18, 27, 28, 34, 63, 65, 66], "summary": {"covered_lines": 9, "num_statements": 11, "percent_covered": 81.81818181818181, "percent_covered_display": "82", "missing_lines": 2, "excluded_lines": 0, "num_branches": 0, "num_partial_branches": 0, "covered_branches": 0, "missing_branches": 0}, "missing_lines": [67, 68], "excluded_lines": [], "executed_branches": [], "missing_branches": []}}}, "pyfixest/core/__init__.py": {"executed_lines": [1, 2, 3, 4, 6], "summary": {"covered_lines": 5, "num_statements": 5, "percent_covered": 100.0, "percent_covered_display": "100", "missing_lines": 0, "excluded_lines": 0, "num_branches": 0, "num_partial_branches": 0, "covered_branches": 0, "missing_branches": 0}, "missing_lines": [], "excluded_lines": [], "executed_branches": [], "missing_branches": [], "functions": {"": {"executed_lines": [1, 2, 3, 4, 6], "summary": {"covered_lines": 5, "num_statements": 5, "percent_covered": 100.0, "percent_covered_display": "100", "missing_lines": 0, "excluded_lines": 0, "num_branches": 0, "num_partial_branches": 0, "covered_branches": 0, "missing_branches": 0}, "missing_lines": [], "excluded_lines": [], "executed_branches": [], "missing_branches": []}}, "classes": {"": {"executed_lines": [1, 2, 3, 4, 6], "summary": {"covered_lines": 5, "num_statements": 5, "percent_covered": 100.0, "percent_covered_display": "100", "missing_lines": 0, "excluded_lines": 0, "num_branches": 0, "num_partial_branches": 0, "covered_branches": 0, "missing_branches": 0}, "missing_lines": [], "excluded_lines": [], "executed_branches": [], "missing_branches": []}}}, "pyfixest/core/collinear.py": {"executed_lines": [1], "summary": {"covered_lines": 1, "num_statements": 1, "percent_covered": 100.0, "percent_covered_display": "100", "missing_lines": 0, "excluded_lines": 0, "num_branches": 0, "num_partial_branches": 0, "covered_branches": 0, "missing_branches": 0}, "missing_lines": [], "excluded_lines": [], "executed_branches": [], "missing_branches": [], "functions": {"": {"executed_lines": [1], "summary": {"covered_lines": 1, "num_statements": 1, "percent_covered": 100.0, "percent_covered_display": "100", "missing_lines": 0, "excluded_lines": 0, "num_branches": 0, "num_partial_branches": 0, "covered_branches": 0, "missing_branches": 0}, "missing_lines": [], "excluded_lines": [], "executed_branches": [], "missing_branches": []}}, "classes": {"": {"executed_lines": [1], "summary": {"covered_lines": 1, "num_statements": 1, "percent_covered": 100.0, "percent_covered_display": "100", "missing_lines": 0, "excluded_lines": 0, "num_branches": 0, "num_partial_branches": 0, "covered_branches": 0, "missing_branches": 0}, "missing_lines": [], "excluded_lines": [], "executed_branches": [], "missing_branches": []}}}, "pyfixest/core/crv1.py": {"executed_lines": [1], "summary": {"covered_lines": 1, "num_statements": 1, "percent_covered": 100.0, "percent_covered_display": "100", "missing_lines": 0, "excluded_lines": 0, "num_branches": 0, "num_partial_branches": 0, "covered_branches": 0, "missing_branches": 0}, "missing_lines": [], "excluded_lines": [], "executed_branches": [], "missing_branches": [], "functions": {"": {"executed_lines": [1], "summary": {"covered_lines": 1, "num_statements": 1, "percent_covered": 100.0, "percent_covered_display": "100", "missing_lines": 0, "excluded_lines": 0, "num_branches": 0, "num_partial_branches": 0, "covered_branches": 0, "missing_branches": 0}, "missing_lines": [], "excluded_lines": [], "executed_branches": [], "missing_branches": []}}, "classes": {"": {"executed_lines": [1], "summary": {"covered_lines": 1, "num_statements": 1, "percent_covered": 100.0, "percent_covered_display": "100", "missing_lines": 0, "excluded_lines": 0, "num_branches": 0, "num_partial_branches": 0, "covered_branches": 0, "missing_branches": 0}, "missing_lines": [], "excluded_lines": [], "executed_branches": [], "missing_branches": []}}}, "pyfixest/core/demean.py": {"executed_lines": [1, 2, 4, 7, 73], "summary": {"covered_lines": 5, "num_statements": 5, "percent_covered": 100.0, "percent_covered_display": "100", "missing_lines": 0, "excluded_lines": 0, "num_branches": 0, "num_partial_branches": 0, "covered_branches": 0, "missing_branches": 0}, "missing_lines": [], "excluded_lines": [], "executed_branches": [], "missing_branches": [], "functions": {"demean": {"executed_lines": [73], "summary": {"covered_lines": 1, "num_statements": 1, "percent_covered": 100.0, "percent_covered_display": "100", "missing_lines": 0, "excluded_lines": 0, "num_branches": 0, "num_partial_branches": 0, "covered_branches": 0, "missing_branches": 0}, "missing_lines": [], "excluded_lines": [], "executed_branches": [], "missing_branches": []}, "": {"executed_lines": [1, 2, 4, 7], "summary": {"covered_lines": 4, "num_statements": 4, "percent_covered": 100.0, "percent_covered_display": "100", "missing_lines": 0, "excluded_lines": 0, "num_branches": 0, "num_partial_branches": 0, "covered_branches": 0, "missing_branches": 0}, "missing_lines": [], "excluded_lines": [], "executed_branches": [], "missing_branches": []}}, "classes": {"": {"executed_lines": [1, 2, 4, 7, 73], "summary": {"covered_lines": 5, "num_statements": 5, "percent_covered": 100.0, "percent_covered_display": "100", "missing_lines": 0, "excluded_lines": 0, "num_branches": 0, "num_partial_branches": 0, "covered_branches": 0, "missing_branches": 0}, "missing_lines": [], "excluded_lines": [], "executed_branches": [], "missing_branches": []}}}, "pyfixest/core/nested_fixed_effects.py": {"executed_lines": [1], "summary": {"covered_lines": 1, "num_statements": 1, "percent_covered": 100.0, "percent_covered_display": "100", "missing_lines": 0, "excluded_lines": 0, "num_branches": 0, "num_partial_branches": 0, "covered_branches": 0, "missing_branches": 0}, "missing_lines": [], "excluded_lines": [], "executed_branches": [], "missing_branches": [], "functions": {"": {"executed_lines": [1], "summary": {"covered_lines": 1, "num_statements": 1, "percent_covered": 100.0, "percent_covered_display": "100", "missing_lines": 0, "excluded_lines": 0, "num_branches": 0, "num_partial_branches": 0, "covered_branches": 0, "missing_branches": 0}, "missing_lines": [], "excluded_lines": [], "executed_branches": [], "missing_branches": []}}, "classes": {"": {"executed_lines": [1], "summary": {"covered_lines": 1, "num_statements": 1, "percent_covered": 100.0, "percent_covered_display": "100", "missing_lines": 0, "excluded_lines": 0, "num_branches": 0, "num_partial_branches": 0, "covered_branches": 0, "missing_branches": 0}, "missing_lines": [], "excluded_lines": [], "executed_branches": [], "missing_branches": []}}}, "pyfixest/debug.py": {"executed_lines": [], "summary": {"covered_lines": 0, "num_statements": 7, "percent_covered": 0.0, "percent_covered_display": "0", "missing_lines": 7, "excluded_lines": 0, "num_branches": 0, "num_partial_branches": 0, "covered_branches": 0, "missing_branches": 0}, "missing_lines": [1, 2, 4, 5, 7, 8, 9], "excluded_lines": [], "executed_branches": [], "missing_branches": [], "functions": {"": {"executed_lines": [], "summary": {"covered_lines": 0, "num_statements": 7, "percent_covered": 0.0, "percent_covered_display": "0", "missing_lines": 7, "excluded_lines": 0, "num_branches": 0, "num_partial_branches": 0, "covered_branches": 0, "missing_branches": 0}, "missing_lines": [1, 2, 4, 5, 7, 8, 9], "excluded_lines": [], "executed_branches": [], "missing_branches": []}}, "classes": {"": {"executed_lines": [], "summary": {"covered_lines": 0, "num_statements": 7, "percent_covered": 0.0, "percent_covered_display": "0", "missing_lines": 7, "excluded_lines": 0, "num_branches": 0, "num_partial_branches": 0, "covered_branches": 0, "missing_branches": 0}, "missing_lines": [1, 2, 4, 5, 7, 8, 9], "excluded_lines": [], "executed_branches": [], "missing_branches": []}}}, "pyfixest/did/__init__.py": {"executed_lines": [1, 6, 7, 11], "summary": {"covered_lines": 4, "num_statements": 4, "percent_covered": 100.0, "percent_covered_display": "100", "missing_lines": 0, "excluded_lines": 0, "num_branches": 0, "num_partial_branches": 0, "covered_branches": 0, "missing_branches": 0}, "missing_lines": [], "excluded_lines": [], "executed_branches": [], "missing_branches": [], "functions": {"": {"executed_lines": [1, 6, 7, 11], "summary": {"covered_lines": 4, "num_statements": 4, "percent_covered": 100.0, "percent_covered_display": "100", "missing_lines": 0, "excluded_lines": 0, "num_branches": 0, "num_partial_branches": 0, "covered_branches": 0, "missing_branches": 0}, "missing_lines": [], "excluded_lines": [], "executed_branches": [], "missing_branches": []}}, "classes": {"": {"executed_lines": [1, 6, 7, 11], "summary": {"covered_lines": 4, "num_statements": 4, "percent_covered": 100.0, "percent_covered_display": "100", "missing_lines": 0, "excluded_lines": 0, "num_branches": 0, "num_partial_branches": 0, "covered_branches": 0, "missing_branches": 0}, "missing_lines": [], "excluded_lines": [], "executed_branches": [], "missing_branches": []}}}, "pyfixest/did/did.py": {"executed_lines": [1, 2, 4, 5, 8, 9, 38, 39, 52, 53, 54, 55, 56, 57, 58, 59, 63, 64, 78, 81, 89, 92, 95, 97, 98, 101, 102, 105, 106, 109, 110, 113, 114], "summary": {"covered_lines": 32, "num_statements": 38, "percent_covered": 83.33333333333333, "percent_covered_display": "83", "missing_lines": 6, "excluded_lines": 0, "num_branches": 4, "num_partial_branches": 1, "covered_branches": 3, "missing_branches": 1}, "missing_lines": [71, 99, 103, 107, 111, 115], "excluded_lines": [], "executed_branches": [[63, 64], [63, 78], [64, 63]], "missing_branches": [[64, 71]], "functions": {"DID.__init__": {"executed_lines": [52, 53, 54, 55, 56, 57, 58, 59, 63, 64, 78, 81, 89, 92, 95], "summary": {"covered_lines": 15, "num_statements": 16, "percent_covered": 90.0, "percent_covered_display": "90", "missing_lines": 1, "excluded_lines": 0, "num_branches": 4, "num_partial_branches": 1, "covered_branches": 3, "missing_branches": 1}, "missing_lines": [71], "excluded_lines": [], "executed_branches": [[63, 64], [63, 78], [64, 63]], "missing_branches": [[64, 71]]}, "DID.estimate": {"executed_lines": [], "summary": {"covered_lines": 0, "num_statements": 1, "percent_covered": 0.0, "percent_covered_display": "0", "missing_lines": 1, "excluded_lines": 0, "num_branches": 0, "num_partial_branches": 0, "covered_branches": 0, "missing_branches": 0}, "missing_lines": [99], "excluded_lines": [], "executed_branches": [], "missing_branches": []}, "DID.vcov": {"executed_lines": [], "summary": {"covered_lines": 0, "num_statements": 1, "percent_covered": 0.0, "percent_covered_display": "0", "missing_lines": 1, "excluded_lines": 0, "num_branches": 0, "num_partial_branches": 0, "covered_branches": 0, "missing_branches": 0}, "missing_lines": [103], "excluded_lines": [], "executed_branches": [], "missing_branches": []}, "DID.iplot": {"executed_lines": [], "summary": {"covered_lines": 0, "num_statements": 1, "percent_covered": 0.0, "percent_covered_display": "0", "missing_lines": 1, "excluded_lines": 0, "num_branches": 0, "num_partial_branches": 0, "covered_branches": 0, "missing_branches": 0}, "missing_lines": [107], "excluded_lines": [], "executed_branches": [], "missing_branches": []}, "DID.tidy": {"executed_lines": [], "summary": {"covered_lines": 0, "num_statements": 1, "percent_covered": 0.0, "percent_covered_display": "0", "missing_lines": 1, "excluded_lines": 0, "num_branches": 0, "num_partial_branches": 0, "covered_branches": 0, "missing_branches": 0}, "missing_lines": [111], "excluded_lines": [], "executed_branches": [], "missing_branches": []}, "DID.summary": {"executed_lines": [], "summary": {"covered_lines": 0, "num_statements": 1, "percent_covered": 0.0, "percent_covered_display": "0", "missing_lines": 1, "excluded_lines": 0, "num_branches": 0, "num_partial_branches": 0, "covered_branches": 0, "missing_branches": 0}, "missing_lines": [115], "excluded_lines": [], "executed_branches": [], "missing_branches": []}, "": {"executed_lines": [1, 2, 4, 5, 8, 9, 38, 39, 97, 98, 101, 102, 105, 106, 109, 110, 113, 114], "summary": {"covered_lines": 17, "num_statements": 17, "percent_covered": 100.0, "percent_covered_display": "100", "missing_lines": 0, "excluded_lines": 0, "num_branches": 0, "num_partial_branches": 0, "covered_branches": 0, "missing_branches": 0}, "missing_lines": [], "excluded_lines": [], "executed_branches": [], "missing_branches": []}}, "classes": {"DID": {"executed_lines": [52, 53, 54, 55, 56, 57, 58, 59, 63, 64, 78, 81, 89, 92, 95], "summary": {"covered_lines": 15, "num_statements": 21, "percent_covered": 72.0, "percent_covered_display": "72", "missing_lines": 6, "excluded_lines": 0, "num_branches": 4, "num_partial_branches": 1, "covered_branches": 3, "missing_branches": 1}, "missing_lines": [71, 99, 103, 107, 111, 115], "excluded_lines": [], "executed_branches": [[63, 64], [63, 78], [64, 63]], "missing_branches": [[64, 71]]}, "": {"executed_lines": [1, 2, 4, 5, 8, 9, 38, 39, 97, 98, 101, 102, 105, 106, 109, 110, 113, 114], "summary": {"covered_lines": 17, "num_statements": 17, "percent_covered": 100.0, "percent_covered_display": "100", "missing_lines": 0, "excluded_lines": 0, "num_branches": 0, "num_partial_branches": 0, "covered_branches": 0, "missing_branches": 0}, "missing_lines": [], "excluded_lines": [], "executed_branches": [], "missing_branches": []}}}, "pyfixest/did/did2s.py": {"executed_lines": [1, 3, 4, 5, 6, 8, 9, 10, 11, 12, 15, 16, 53, 65, 76, 78, 82, 83, 86, 87, 90, 92, 94, 103, 115, 127, 148, 151, 155, 188, 189, 191, 192, 194, 195, 199, 200, 202, 205, 210, 213, 217, 228, 231, 232, 233, 236, 246, 248, 251, 295, 296, 298, 300, 301, 306, 307, 308, 309, 311, 316, 317, 318, 319, 321, 328, 330, 337, 339, 340, 343, 344, 346, 347, 348, 350, 351, 352, 354, 356, 357, 359, 360, 362, 366, 367, 368, 369, 370, 372, 373, 374, 375, 376, 378, 380], "summary": {"covered_lines": 95, "num_statements": 106, "percent_covered": 84.92063492063492, "percent_covered_display": "85", "missing_lines": 11, "excluded_lines": 0, "num_branches": 20, "num_partial_branches": 8, "covered_branches": 12, "missing_branches": 8}, "missing_lines": [79, 80, 138, 149, 152, 193, 196, 207, 211, 214, 303], "excluded_lines": [], "executed_branches": [[78, 82], [191, 192], [192, 194], [195, 199], [199, 200], [199, 202], [210, 213], [213, 217], [300, 301], [362, 366], [362, 380], [374, 375]], "missing_branches": [[78, 79], [191, 207], [192, 193], [195, 196], [210, 211], [213, 214], [300, 303], [374, 376]], "functions": {"DID2S.__init__": {"executed_lines": [65, 76, 78, 82, 83, 86, 87, 90], "summary": {"covered_lines": 8, "num_statements": 10, "percent_covered": 75.0, "percent_covered_display": "75", "missing_lines": 2, "excluded_lines": 0, "num_branches": 2, "num_partial_branches": 1, "covered_branches": 1, "missing_branches": 1}, "missing_lines": [79, 80], "excluded_lines": [], "executed_branches": [[78, 82]], "missing_branches": [[78, 79]]}, "DID2S.estimate": {"executed_lines": [94], "summary": {"covered_lines": 1, "num_statements": 1, "percent_covered": 100.0, "percent_covered_display": "100", "missing_lines": 0, "excluded_lines": 0, "num_branches": 0, "num_partial_branches": 0, "covered_branches": 0, "missing_branches": 0}, "missing_lines": [], "excluded_lines": [], "executed_branches": [], "missing_branches": []}, "DID2S.vcov": {"executed_lines": [115], "summary": {"covered_lines": 1, "num_statements": 1, "percent_covered": 100.0, "percent_covered_display": "100", "missing_lines": 0, "excluded_lines": 0, "num_branches": 0, "num_partial_branches": 0, "covered_branches": 0, "missing_branches": 0}, "missing_lines": [], "excluded_lines": [], "executed_branches": [], "missing_branches": []}, "DID2S.iplot": {"executed_lines": [], "summary": {"covered_lines": 0, "num_statements": 1, "percent_covered": 0.0, "percent_covered_display": "0", "missing_lines": 1, "excluded_lines": 0, "num_branches": 0, "num_partial_branches": 0, "covered_branches": 0, "missing_branches": 0}, "missing_lines": [138], "excluded_lines": [], "executed_branches": [], "missing_branches": []}, "DID2S.tidy": {"executed_lines": [], "summary": {"covered_lines": 0, "num_statements": 1, "percent_covered": 0.0, "percent_covered_display": "0", "missing_lines": 1, "excluded_lines": 0, "num_branches": 0, "num_partial_branches": 0, "covered_branches": 0, "missing_branches": 0}, "missing_lines": [149], "excluded_lines": [], "executed_branches": [], "missing_branches": []}, "DID2S.summary": {"executed_lines": [], "summary": {"covered_lines": 0, "num_statements": 1, "percent_covered": 0.0, "percent_covered_display": "0", "missing_lines": 1, "excluded_lines": 0, "num_branches": 0, "num_partial_branches": 0, "covered_branches": 0, "missing_branches": 0}, "missing_lines": [152], "excluded_lines": [], "executed_branches": [], "missing_branches": []}, "_did2s_estimate": {"executed_lines": [188, 189, 191, 192, 194, 195, 199, 200, 202, 205, 210, 213, 217, 228, 231, 232, 233, 236, 246, 248], "summary": {"covered_lines": 20, "num_statements": 25, "percent_covered": 72.97297297297297, "percent_covered_display": "73", "missing_lines": 5, "excluded_lines": 0, "num_branches": 12, "num_partial_branches": 5, "covered_branches": 7, "missing_branches": 5}, "missing_lines": [193, 196, 207, 211, 214], "excluded_lines": [], "executed_branches": [[191, 192], [192, 194], [195, 199], [199, 200], [199, 202], [210, 213], [213, 217]], "missing_branches": [[191, 207], [192, 193], [195, 196], [210, 211], [213, 214]]}, "_did2s_vcov": {"executed_lines": [295, 296, 298, 300, 301, 306, 307, 308, 309, 311, 316, 317, 318, 319, 321, 328, 330, 337, 339, 340, 343, 344, 346, 347, 348, 350, 351, 352, 354, 356, 357, 359, 360, 362, 366, 367, 368, 369, 370, 372, 373, 374, 375, 376, 378, 380], "summary": {"covered_lines": 46, "num_statements": 47, "percent_covered": 94.33962264150944, "percent_covered_display": "94", "missing_lines": 1, "excluded_lines": 0, "num_branches": 6, "num_partial_branches": 2, "covered_branches": 4, "missing_branches": 2}, "missing_lines": [303], "excluded_lines": [], "executed_branches": [[300, 301], [362, 366], [362, 380], [374, 375]], "missing_branches": [[300, 303], [374, 376]]}, "": {"executed_lines": [1, 3, 4, 5, 6, 8, 9, 10, 11, 12, 15, 16, 53, 92, 103, 127, 148, 151, 155, 251], "summary": {"covered_lines": 19, "num_statements": 19, "percent_covered": 100.0, "percent_covered_display": "100", "missing_lines": 0, "excluded_lines": 0, "num_branches": 0, "num_partial_branches": 0, "covered_branches": 0, "missing_branches": 0}, "missing_lines": [], "excluded_lines": [], "executed_branches": [], "missing_branches": []}}, "classes": {"DID2S": {"executed_lines": [65, 76, 78, 82, 83, 86, 87, 90, 94, 115], "summary": {"covered_lines": 10, "num_statements": 15, "percent_covered": 64.70588235294117, "percent_covered_display": "65", "missing_lines": 5, "excluded_lines": 0, "num_branches": 2, "num_partial_branches": 1, "covered_branches": 1, "missing_branches": 1}, "missing_lines": [79, 80, 138, 149, 152], "excluded_lines": [], "executed_branches": [[78, 82]], "missing_branches": [[78, 79]]}, "": {"executed_lines": [1, 3, 4, 5, 6, 8, 9, 10, 11, 12, 15, 16, 53, 92, 103, 127, 148, 151, 155, 188, 189, 191, 192, 194, 195, 199, 200, 202, 205, 210, 213, 217, 228, 231, 232, 233, 236, 246, 248, 251, 295, 296, 298, 300, 301, 306, 307, 308, 309, 311, 316, 317, 318, 319, 321, 328, 330, 337, 339, 340, 343, 344, 346, 347, 348, 350, 351, 352, 354, 356, 357, 359, 360, 362, 366, 367, 368, 369, 370, 372, 373, 374, 375, 376, 378, 380], "summary": {"covered_lines": 85, "num_statements": 91, "percent_covered": 88.07339449541284, "percent_covered_display": "88", "missing_lines": 6, "excluded_lines": 0, "num_branches": 18, "num_partial_branches": 7, "covered_branches": 11, "missing_branches": 7}, "missing_lines": [193, 196, 207, 211, 214, 303], "excluded_lines": [], "executed_branches": [[191, 192], [192, 194], [195, 199], [199, 200], [199, 202], [210, 213], [213, 217], [300, 301], [362, 366], [362, 380], [374, 375]], "missing_branches": [[191, 207], [192, 193], [195, 196], [210, 211], [213, 214], [300, 303], [374, 376]]}}}, "pyfixest/did/estimation.py": {"executed_lines": [1, 3, 5, 6, 7, 8, 9, 12, 94, 95, 96, 97, 98, 99, 100, 101, 102, 104, 106, 107, 118, 119, 120, 121, 122, 123, 124, 126, 127, 137, 138, 139, 140, 141, 142, 144, 145, 147, 148, 158, 159, 161, 162, 163, 164, 165, 166, 168, 169, 170, 173, 174, 177, 180, 182, 185, 265, 266, 267, 268, 271, 280, 282, 291, 303, 304, 305, 307, 308, 310, 312, 315, 410, 425, 427], "summary": {"covered_lines": 74, "num_statements": 75, "percent_covered": 97.53086419753086, "percent_covered_display": "98", "missing_lines": 1, "excluded_lines": 1, "num_branches": 6, "num_partial_branches": 1, "covered_branches": 5, "missing_branches": 1}, "missing_lines": [272], "excluded_lines": [177], "executed_branches": [[106, 107], [106, 126], [126, 127], [126, 147], [271, 280]], "missing_branches": [[271, 272]], "functions": {"event_study": {"executed_lines": [94, 95, 96, 97, 98, 99, 100, 101, 102, 104, 106, 107, 118, 119, 120, 121, 122, 123, 124, 126, 127, 137, 138, 139, 140, 141, 142, 144, 145, 147, 148, 158, 159, 161, 162, 163, 164, 165, 166, 168, 169, 170, 173, 174, 177, 180, 182], "summary": {"covered_lines": 46, "num_statements": 46, "percent_covered": 100.0, "percent_covered_display": "100", "missing_lines": 0, "excluded_lines": 1, "num_branches": 4, "num_partial_branches": 0, "covered_branches": 4, "missing_branches": 0}, "missing_lines": [], "excluded_lines": [177], "executed_branches": [[106, 107], [106, 126], [126, 127], [126, 147]], "missing_branches": []}, "did2s": {"executed_lines": [265, 266, 267, 268, 271, 280, 282, 291, 303, 304, 305, 307, 308, 310, 312], "summary": {"covered_lines": 15, "num_statements": 16, "percent_covered": 88.88888888888889, "percent_covered_display": "89", "missing_lines": 1, "excluded_lines": 0, "num_branches": 2, "num_partial_branches": 1, "covered_branches": 1, "missing_branches": 1}, "missing_lines": [272], "excluded_lines": [], "executed_branches": [[271, 280]], "missing_branches": [[271, 272]]}, "lpdid": {"executed_lines": [410, 425, 427], "summary": {"covered_lines": 3, "num_statements": 3, "percent_covered": 100.0, "percent_covered_display": "100", "missing_lines": 0, "excluded_lines": 0, "num_branches": 0, "num_partial_branches": 0, "covered_branches": 0, "missing_branches": 0}, "missing_lines": [], "excluded_lines": [], "executed_branches": [], "missing_branches": []}, "": {"executed_lines": [1, 3, 5, 6, 7, 8, 9, 12, 185, 315], "summary": {"covered_lines": 10, "num_statements": 10, "percent_covered": 100.0, "percent_covered_display": "100", "missing_lines": 0, "excluded_lines": 0, "num_branches": 0, "num_partial_branches": 0, "covered_branches": 0, "missing_branches": 0}, "missing_lines": [], "excluded_lines": [], "executed_branches": [], "missing_branches": []}}, "classes": {"": {"executed_lines": [1, 3, 5, 6, 7, 8, 9, 12, 94, 95, 96, 97, 98, 99, 100, 101, 102, 104, 106, 107, 118, 119, 120, 121, 122, 123, 124, 126, 127, 137, 138, 139, 140, 141, 142, 144, 145, 147, 148, 158, 159, 161, 162, 163, 164, 165, 166, 168, 169, 170, 173, 174, 177, 180, 182, 185, 265, 266, 267, 268, 271, 280, 282, 291, 303, 304, 305, 307, 308, 310, 312, 315, 410, 425, 427], "summary": {"covered_lines": 74, "num_statements": 75, "percent_covered": 97.53086419753086, "percent_covered_display": "98", "missing_lines": 1, "excluded_lines": 1, "num_branches": 6, "num_partial_branches": 1, "covered_branches": 5, "missing_branches": 1}, "missing_lines": [272], "excluded_lines": [177], "executed_branches": [[106, 107], [106, 126], [126, 127], [126, 147], [271, 280]], "missing_branches": [[271, 272]]}}}, "pyfixest/did/lpdid.py": {"executed_lines": [1, 3, 4, 6, 7, 8, 9, 10, 13, 14, 45, 63, 73, 75, 76, 77, 79, 80, 83, 84, 88, 89, 91, 93, 94, 96, 97, 100, 103, 106, 108, 109, 111, 112, 113, 114, 115, 116, 118, 120, 132, 135, 175, 176, 178, 190, 191, 193, 197, 255, 256, 258, 259, 263, 266, 267, 268, 271, 272, 273, 275, 278, 279, 281, 285, 287, 288, 289, 290, 292, 293, 295, 297, 298, 300, 302, 303, 304, 305, 307, 308, 309, 311, 314, 338, 341, 342, 345, 347], "summary": {"covered_lines": 88, "num_statements": 93, "percent_covered": 91.89189189189189, "percent_covered_display": "92", "missing_lines": 5, "excluded_lines": 1, "num_branches": 18, "num_partial_branches": 4, "covered_branches": 14, "missing_branches": 4}, "missing_lines": [101, 104, 133, 194, 261], "excluded_lines": [61], "executed_branches": [[100, 103], [103, 106], [108, 109], [258, 259], [263, 266], [263, 278], [278, 279], [278, 292], [292, 293], [292, 307], [293, 295], [293, 297], [341, 342], [341, 345]], "missing_branches": [[100, 101], [103, 104], [108, 111], [258, 261]], "functions": {"LPDID.__init__": {"executed_lines": [63, 73, 75, 76, 77, 79, 80, 83, 84, 88, 89, 91, 93, 94, 96, 97, 100, 103, 106, 108, 109, 111, 112, 113, 114, 115, 116], "summary": {"covered_lines": 27, "num_statements": 29, "percent_covered": 85.71428571428571, "percent_covered_display": "86", "missing_lines": 2, "excluded_lines": 0, "num_branches": 6, "num_partial_branches": 3, "covered_branches": 3, "missing_branches": 3}, "missing_lines": [101, 104], "excluded_lines": [], "executed_branches": [[100, 103], [103, 106], [108, 109]], "missing_branches": [[100, 101], [103, 104], [108, 111]]}, "LPDID.estimate": {"executed_lines": [120], "summary": {"covered_lines": 1, "num_statements": 1, "percent_covered": 100.0, "percent_covered_display": "100", "missing_lines": 0, "excluded_lines": 0, "num_branches": 0, "num_partial_branches": 0, "covered_branches": 0, "missing_branches": 0}, "missing_lines": [], "excluded_lines": [], "executed_branches": [], "missing_branches": []}, "LPDID.vcov": {"executed_lines": [], "summary": {"covered_lines": 0, "num_statements": 1, "percent_covered": 0.0, "percent_covered_display": "0", "missing_lines": 1, "excluded_lines": 0, "num_branches": 0, "num_partial_branches": 0, "covered_branches": 0, "missing_branches": 0}, "missing_lines": [133], "excluded_lines": [], "executed_branches": [], "missing_branches": []}, "LPDID.iplot": {"executed_lines": [175, 176, 178], "summary": {"covered_lines": 3, "num_statements": 3, "percent_covered": 100.0, "percent_covered_display": "100", "missing_lines": 0, "excluded_lines": 0, "num_branches": 0, "num_partial_branches": 0, "covered_branches": 0, "missing_branches": 0}, "missing_lines": [], "excluded_lines": [], "executed_branches": [], "missing_branches": []}, "LPDID.tidy": {"executed_lines": [191], "summary": {"covered_lines": 1, "num_statements": 1, "percent_covered": 100.0, "percent_covered_display": "100", "missing_lines": 0, "excluded_lines": 0, "num_branches": 0, "num_partial_branches": 0, "covered_branches": 0, "missing_branches": 0}, "missing_lines": [], "excluded_lines": [], "executed_branches": [], "missing_branches": []}, "LPDID.summary": {"executed_lines": [], "summary": {"covered_lines": 0, "num_statements": 1, "percent_covered": 0.0, "percent_covered_display": "0", "missing_lines": 1, "excluded_lines": 0, "num_branches": 0, "num_partial_branches": 0, "covered_branches": 0, "missing_branches": 0}, "missing_lines": [194], "excluded_lines": [], "executed_branches": [], "missing_branches": []}, "_lpdid_estimate": {"executed_lines": [255, 256, 258, 259, 263, 266, 267, 268, 271, 272, 273, 275, 278, 279, 281, 285, 287, 288, 289, 290, 292, 293, 295, 297, 298, 300, 302, 303, 304, 305, 307, 308, 309, 311], "summary": {"covered_lines": 34, "num_statements": 35, "percent_covered": 95.55555555555556, "percent_covered_display": "96", "missing_lines": 1, "excluded_lines": 0, "num_branches": 10, "num_partial_branches": 1, "covered_branches": 9, "missing_branches": 1}, "missing_lines": [261], "excluded_lines": [], "executed_branches": [[258, 259], [263, 266], [263, 278], [278, 279], [278, 292], [292, 293], [292, 307], [293, 295], [293, 297]], "missing_branches": [[258, 261]]}, "_pooled_adjustment": {"executed_lines": [338, 341, 342, 345, 347], "summary": {"covered_lines": 5, "num_statements": 5, "percent_covered": 100.0, "percent_covered_display": "100", "missing_lines": 0, "excluded_lines": 0, "num_branches": 2, "num_partial_branches": 0, "covered_branches": 2, "missing_branches": 0}, "missing_lines": [], "excluded_lines": [], "executed_branches": [[341, 342], [341, 345]], "missing_branches": []}, "": {"executed_lines": [1, 3, 4, 6, 7, 8, 9, 10, 13, 14, 45, 118, 132, 135, 190, 193, 197, 314], "summary": {"covered_lines": 17, "num_statements": 17, "percent_covered": 100.0, "percent_covered_display": "100", "missing_lines": 0, "excluded_lines": 1, "num_branches": 0, "num_partial_branches": 0, "covered_branches": 0, "missing_branches": 0}, "missing_lines": [], "excluded_lines": [61], "executed_branches": [], "missing_branches": []}}, "classes": {"LPDID": {"executed_lines": [63, 73, 75, 76, 77, 79, 80, 83, 84, 88, 89, 91, 93, 94, 96, 97, 100, 103, 106, 108, 109, 111, 112, 113, 114, 115, 116, 120, 175, 176, 178, 191], "summary": {"covered_lines": 32, "num_statements": 36, "percent_covered": 83.33333333333333, "percent_covered_display": "83", "missing_lines": 4, "excluded_lines": 0, "num_branches": 6, "num_partial_branches": 3, "covered_branches": 3, "missing_branches": 3}, "missing_lines": [101, 104, 133, 194], "excluded_lines": [], "executed_branches": [[100, 103], [103, 106], [108, 109]], "missing_branches": [[100, 101], [103, 104], [108, 111]]}, "": {"executed_lines": [1, 3, 4, 6, 7, 8, 9, 10, 13, 14, 45, 118, 132, 135, 190, 193, 197, 255, 256, 258, 259, 263, 266, 267, 268, 271, 272, 273, 275, 278, 279, 281, 285, 287, 288, 289, 290, 292, 293, 295, 297, 298, 300, 302, 303, 304, 305, 307, 308, 309, 311, 314, 338, 341, 342, 345, 347], "summary": {"covered_lines": 56, "num_statements": 57, "percent_covered": 97.10144927536231, "percent_covered_display": "97", "missing_lines": 1, "excluded_lines": 1, "num_branches": 12, "num_partial_branches": 1, "covered_branches": 11, "missing_branches": 1}, "missing_lines": [261], "excluded_lines": [61], "executed_branches": [[258, 259], [263, 266], [263, 278], [278, 279], [278, 292], [292, 293], [292, 307], [293, 295], [293, 297], [341, 342], [341, 345]], "missing_branches": [[258, 261]]}}}, "pyfixest/did/saturated_twfe.py": {"executed_lines": [1, 2, 3, 5, 6, 7, 8, 10, 11, 13, 16, 17, 43, 55, 65, 67, 68, 72, 81, 89, 92, 103, 128, 132, 136, 149, 153, 177, 180, 183, 185, 186, 187, 191, 192, 193, 195, 196, 203, 205, 209, 211, 212, 213, 214, 215, 220, 221, 227, 230, 231, 233, 235, 276, 295, 296, 297, 298, 299, 301, 302, 303, 305, 315, 322, 325, 327, 332, 333, 335, 336, 337, 338, 343, 345, 348, 367, 368, 369, 370, 373, 375, 377, 378, 379, 380, 382, 383, 386, 421, 422, 425, 431, 432, 433, 434, 437, 443, 444, 445, 446, 449, 454, 455, 456, 459, 460, 462], "summary": {"covered_lines": 107, "num_statements": 145, "percent_covered": 72.45508982035928, "percent_covered_display": "72", "missing_lines": 38, "excluded_lines": 0, "num_branches": 22, "num_partial_branches": 6, "covered_branches": 14, "missing_branches": 8}, "missing_lines": [101, 105, 107, 109, 110, 111, 112, 113, 115, 116, 120, 121, 122, 123, 124, 125, 126, 130, 134, 178, 181, 228, 254, 256, 257, 258, 259, 261, 262, 264, 265, 267, 268, 269, 270, 271, 272, 273], "excluded_lines": [], "executed_branches": [[67, 68], [177, 180], [180, 183], [195, 196], [211, 212], [211, 233], [213, 214], [213, 227], [227, 230], [336, 337], [336, 345], [379, 380], [379, 382], [454, 455]], "missing_branches": [[67, -43], [109, 110], [109, 120], [177, 178], [180, 181], [195, 203], [227, 228], [454, 462]], "functions": {"SaturatedEventStudy.__init__": {"executed_lines": [55, 65, 67, 68], "summary": {"covered_lines": 4, "num_statements": 4, "percent_covered": 83.33333333333333, "percent_covered_display": "83", "missing_lines": 0, "excluded_lines": 0, "num_branches": 2, "num_partial_branches": 1, "covered_branches": 1, "missing_branches": 1}, "missing_lines": [], "excluded_lines": [], "executed_branches": [[67, 68]], "missing_branches": [[67, -43]]}, "SaturatedEventStudy.estimate": {"executed_lines": [81, 89], "summary": {"covered_lines": 2, "num_statements": 2, "percent_covered": 100.0, "percent_covered_display": "100", "missing_lines": 0, "excluded_lines": 0, "num_branches": 0, "num_partial_branches": 0, "covered_branches": 0, "missing_branches": 0}, "missing_lines": [], "excluded_lines": [], "executed_branches": [], "missing_branches": []}, "SaturatedEventStudy.vcov": {"executed_lines": [], "summary": {"covered_lines": 0, "num_statements": 1, "percent_covered": 0.0, "percent_covered_display": "0", "missing_lines": 1, "excluded_lines": 0, "num_branches": 0, "num_partial_branches": 0, "covered_branches": 0, "missing_branches": 0}, "missing_lines": [101], "excluded_lines": [], "executed_branches": [], "missing_branches": []}, "SaturatedEventStudy.iplot": {"executed_lines": [], "summary": {"covered_lines": 0, "num_statements": 16, "percent_covered": 0.0, "percent_covered_display": "0", "missing_lines": 16, "excluded_lines": 0, "num_branches": 2, "num_partial_branches": 0, "covered_branches": 0, "missing_branches": 2}, "missing_lines": [105, 107, 109, 110, 111, 112, 113, 115, 116, 120, 121, 122, 123, 124, 125, 126], "excluded_lines": [], "executed_branches": [], "missing_branches": [[109, 110], [109, 120]]}, "SaturatedEventStudy.tidy": {"executed_lines": [], "summary": {"covered_lines": 0, "num_statements": 1, "percent_covered": 0.0, "percent_covered_display": "0", "missing_lines": 1, "excluded_lines": 0, "num_branches": 0, "num_partial_branches": 0, "covered_branches": 0, "missing_branches": 0}, "missing_lines": [130], "excluded_lines": [], "executed_branches": [], "missing_branches": []}, "SaturatedEventStudy.summary": {"executed_lines": [], "summary": {"covered_lines": 0, "num_statements": 1, "percent_covered": 0.0, "percent_covered_display": "0", "missing_lines": 1, "excluded_lines": 0, "num_branches": 0, "num_partial_branches": 0, "covered_branches": 0, "missing_branches": 0}, "missing_lines": [134], "excluded_lines": [], "executed_branches": [], "missing_branches": []}, "SaturatedEventStudy.test_treatment_heterogeneity": {"executed_lines": [149], "summary": {"covered_lines": 1, "num_statements": 1, "percent_covered": 100.0, "percent_covered_display": "100", "missing_lines": 0, "excluded_lines": 0, "num_branches": 0, "num_partial_branches": 0, "covered_branches": 0, "missing_branches": 0}, "missing_lines": [], "excluded_lines": [], "executed_branches": [], "missing_branches": []}, "SaturatedEventStudy.aggregate": {"executed_lines": [177, 180, 183, 185, 186, 187, 191, 192, 193, 195, 196, 203, 205, 209, 211, 212, 213, 214, 215, 220, 221, 227, 230, 231, 233], "summary": {"covered_lines": 25, "num_statements": 28, "percent_covered": 82.5, "percent_covered_display": "82", "missing_lines": 3, "excluded_lines": 0, "num_branches": 12, "num_partial_branches": 4, "covered_branches": 8, "missing_branches": 4}, "missing_lines": [178, 181, 228], "excluded_lines": [], "executed_branches": [[177, 180], [180, 183], [195, 196], [211, 212], [211, 233], [213, 214], [213, 227], [227, 230]], "missing_branches": [[177, 178], [180, 181], [195, 203], [227, 228]]}, "SaturatedEventStudy.iplot_aggregate": {"executed_lines": [], "summary": {"covered_lines": 0, "num_statements": 16, "percent_covered": 0.0, "percent_covered_display": "0", "missing_lines": 16, "excluded_lines": 0, "num_branches": 0, "num_partial_branches": 0, "covered_branches": 0, "missing_branches": 0}, "missing_lines": [254, 256, 257, 258, 259, 261, 262, 264, 265, 267, 268, 269, 270, 271, 272, 273], "excluded_lines": [], "executed_branches": [], "missing_branches": []}, "_compute_lincomb_stats": {"executed_lines": [295, 296, 297, 298, 299, 301, 302, 303, 305], "summary": {"covered_lines": 9, "num_statements": 9, "percent_covered": 100.0, "percent_covered_display": "100", "missing_lines": 0, "excluded_lines": 0, "num_branches": 0, "num_partial_branches": 0, "covered_branches": 0, "missing_branches": 0}, "missing_lines": [], "excluded_lines": [], "executed_branches": [], "missing_branches": []}, "_saturated_event_study": {"executed_lines": [322, 325, 327, 332, 333, 335, 336, 337, 338, 343, 345], "summary": {"covered_lines": 11, "num_statements": 11, "percent_covered": 100.0, "percent_covered_display": "100", "missing_lines": 0, "excluded_lines": 0, "num_branches": 2, "num_partial_branches": 0, "covered_branches": 2, "missing_branches": 0}, "missing_lines": [], "excluded_lines": [], "executed_branches": [[336, 337], [336, 345]], "missing_branches": []}, "_test_treatment_heterogeneity": {"executed_lines": [367, 368, 369, 370, 373, 375, 377, 378, 379, 380, 382, 383], "summary": {"covered_lines": 12, "num_statements": 12, "percent_covered": 100.0, "percent_covered_display": "100", "missing_lines": 0, "excluded_lines": 0, "num_branches": 2, "num_partial_branches": 0, "covered_branches": 2, "missing_branches": 0}, "missing_lines": [], "excluded_lines": [], "executed_branches": [[379, 380], [379, 382]], "missing_branches": []}, "compute_period_weights": {"executed_lines": [421, 422, 425, 431, 432, 433, 434, 437, 443, 444, 445, 446, 449, 454, 455, 456, 459, 460, 462], "summary": {"covered_lines": 19, "num_statements": 19, "percent_covered": 95.23809523809524, "percent_covered_display": "95", "missing_lines": 0, "excluded_lines": 0, "num_branches": 2, "num_partial_branches": 1, "covered_branches": 1, "missing_branches": 1}, "missing_lines": [], "excluded_lines": [], "executed_branches": [[454, 455]], "missing_branches": [[454, 462]]}, "": {"executed_lines": [1, 2, 3, 5, 6, 7, 8, 10, 11, 13, 16, 17, 43, 72, 92, 103, 128, 132, 136, 153, 235, 276, 315, 348, 386], "summary": {"covered_lines": 24, "num_statements": 24, "percent_covered": 100.0, "percent_covered_display": "100", "missing_lines": 0, "excluded_lines": 0, "num_branches": 0, "num_partial_branches": 0, "covered_branches": 0, "missing_branches": 0}, "missing_lines": [], "excluded_lines": [], "executed_branches": [], "missing_branches": []}}, "classes": {"SaturatedEventStudy": {"executed_lines": [55, 65, 67, 68, 81, 89, 149, 177, 180, 183, 185, 186, 187, 191, 192, 193, 195, 196, 203, 205, 209, 211, 212, 213, 214, 215, 220, 221, 227, 230, 231, 233], "summary": {"covered_lines": 32, "num_statements": 70, "percent_covered": 47.674418604651166, "percent_covered_display": "48", "missing_lines": 38, "excluded_lines": 0, "num_branches": 16, "num_partial_branches": 5, "covered_branches": 9, "missing_branches": 7}, "missing_lines": [101, 105, 107, 109, 110, 111, 112, 113, 115, 116, 120, 121, 122, 123, 124, 125, 126, 130, 134, 178, 181, 228, 254, 256, 257, 258, 259, 261, 262, 264, 265, 267, 268, 269, 270, 271, 272, 273], "excluded_lines": [], "executed_branches": [[67, 68], [177, 180], [180, 183], [195, 196], [211, 212], [211, 233], [213, 214], [213, 227], [227, 230]], "missing_branches": [[67, -43], [109, 110], [109, 120], [177, 178], [180, 181], [195, 203], [227, 228]]}, "": {"executed_lines": [1, 2, 3, 5, 6, 7, 8, 10, 11, 13, 16, 17, 43, 72, 92, 103, 128, 132, 136, 153, 235, 276, 295, 296, 297, 298, 299, 301, 302, 303, 305, 315, 322, 325, 327, 332, 333, 335, 336, 337, 338, 343, 345, 348, 367, 368, 369, 370, 373, 375, 377, 378, 379, 380, 382, 383, 386, 421, 422, 425, 431, 432, 433, 434, 437, 443, 444, 445, 446, 449, 454, 455, 456, 459, 460, 462], "summary": {"covered_lines": 75, "num_statements": 75, "percent_covered": 98.76543209876543, "percent_covered_display": "99", "missing_lines": 0, "excluded_lines": 0, "num_branches": 6, "num_partial_branches": 1, "covered_branches": 5, "missing_branches": 1}, "missing_lines": [], "excluded_lines": [], "executed_branches": [[336, 337], [336, 345], [379, 380], [379, 382], [454, 455]], "missing_branches": [[454, 462]]}}}, "pyfixest/did/twfe.py": {"executed_lines": [1, 3, 5, 6, 7, 10, 11, 43, 54, 65, 67, 70, 72, 74, 75, 77, 78, 80, 82, 94, 115, 118], "summary": {"covered_lines": 21, "num_statements": 26, "percent_covered": 78.57142857142857, "percent_covered_display": "79", "missing_lines": 5, "excluded_lines": 0, "num_branches": 2, "num_partial_branches": 1, "covered_branches": 1, "missing_branches": 1}, "missing_lines": [68, 92, 105, 116, 119], "excluded_lines": [], "executed_branches": [[67, 70]], "missing_branches": [[67, 68]], "functions": {"TWFE.__init__": {"executed_lines": [54, 65, 67, 70], "summary": {"covered_lines": 4, "num_statements": 5, "percent_covered": 71.42857142857143, "percent_covered_display": "71", "missing_lines": 1, "excluded_lines": 0, "num_branches": 2, "num_partial_branches": 1, "covered_branches": 1, "missing_branches": 1}, "missing_lines": [68], "excluded_lines": [], "executed_branches": [[67, 70]], "missing_branches": [[67, 68]]}, "TWFE.estimate": {"executed_lines": [74, 75, 77, 78, 80], "summary": {"covered_lines": 5, "num_statements": 5, "percent_covered": 100.0, "percent_covered_display": "100", "missing_lines": 0, "excluded_lines": 0, "num_branches": 0, "num_partial_branches": 0, "covered_branches": 0, "missing_branches": 0}, "missing_lines": [], "excluded_lines": [], "executed_branches": [], "missing_branches": []}, "TWFE.vcov": {"executed_lines": [], "summary": {"covered_lines": 0, "num_statements": 1, "percent_covered": 0.0, "percent_covered_display": "0", "missing_lines": 1, "excluded_lines": 0, "num_branches": 0, "num_partial_branches": 0, "covered_branches": 0, "missing_branches": 0}, "missing_lines": [92], "excluded_lines": [], "executed_branches": [], "missing_branches": []}, "TWFE.iplot": {"executed_lines": [], "summary": {"covered_lines": 0, "num_statements": 1, "percent_covered": 0.0, "percent_covered_display": "0", "missing_lines": 1, "excluded_lines": 0, "num_branches": 0, "num_partial_branches": 0, "covered_branches": 0, "missing_branches": 0}, "missing_lines": [105], "excluded_lines": [], "executed_branches": [], "missing_branches": []}, "TWFE.tidy": {"executed_lines": [], "summary": {"covered_lines": 0, "num_statements": 1, "percent_covered": 0.0, "percent_covered_display": "0", "missing_lines": 1, "excluded_lines": 0, "num_branches": 0, "num_partial_branches": 0, "covered_branches": 0, "missing_branches": 0}, "missing_lines": [116], "excluded_lines": [], "executed_branches": [], "missing_branches": []}, "TWFE.summary": {"executed_lines": [], "summary": {"covered_lines": 0, "num_statements": 1, "percent_covered": 0.0, "percent_covered_display": "0", "missing_lines": 1, "excluded_lines": 0, "num_branches": 0, "num_partial_branches": 0, "covered_branches": 0, "missing_branches": 0}, "missing_lines": [119], "excluded_lines": [], "executed_branches": [], "missing_branches": []}, "": {"executed_lines": [1, 3, 5, 6, 7, 10, 11, 43, 72, 82, 94, 115, 118], "summary": {"covered_lines": 12, "num_statements": 12, "percent_covered": 100.0, "percent_covered_display": "100", "missing_lines": 0, "excluded_lines": 0, "num_branches": 0, "num_partial_branches": 0, "covered_branches": 0, "missing_branches": 0}, "missing_lines": [], "excluded_lines": [], "executed_branches": [], "missing_branches": []}}, "classes": {"TWFE": {"executed_lines": [54, 65, 67, 70, 74, 75, 77, 78, 80], "summary": {"covered_lines": 9, "num_statements": 14, "percent_covered": 62.5, "percent_covered_display": "62", "missing_lines": 5, "excluded_lines": 0, "num_branches": 2, "num_partial_branches": 1, "covered_branches": 1, "missing_branches": 1}, "missing_lines": [68, 92, 105, 116, 119], "excluded_lines": [], "executed_branches": [[67, 70]], "missing_branches": [[67, 68]]}, "": {"executed_lines": [1, 3, 5, 6, 7, 10, 11, 43, 72, 82, 94, 115, 118], "summary": {"covered_lines": 12, "num_statements": 12, "percent_covered": 100.0, "percent_covered_display": "100", "missing_lines": 0, "excluded_lines": 0, "num_branches": 0, "num_partial_branches": 0, "covered_branches": 0, "missing_branches": 0}, "missing_lines": [], "excluded_lines": [], "executed_branches": [], "missing_branches": []}}}, "pyfixest/did/visualize.py": {"executed_lines": [1, 3, 4, 7, 108, 109, 110, 111, 112, 114, 115, 119, 120, 131, 150, 160, 172, 182, 183, 185, 187, 188, 190, 192, 193, 195, 201, 202, 208, 215, 216, 217, 218, 220, 223, 240, 241, 242, 243, 244, 245, 247, 250, 251, 259, 262, 270, 278, 279, 280, 284, 285, 287, 289, 304, 307, 316, 317, 318, 319, 320, 321, 325, 328, 338, 339, 340, 341, 342, 343, 345, 346, 347, 348, 349, 351], "summary": {"covered_lines": 76, "num_statements": 80, "percent_covered": 93.33333333333333, "percent_covered_display": "93", "missing_lines": 4, "excluded_lines": 0, "num_branches": 40, "num_partial_branches": 4, "covered_branches": 36, "missing_branches": 4}, "missing_lines": [286, 288, 290, 295], "excluded_lines": [], "executed_branches": [[108, 109], [108, 111], [109, 108], [109, 110], [111, 112], [111, 114], [114, 115], [114, 119], [119, 120], [119, 150], [182, 183], [182, 185], [187, 188], [187, 190], [190, 192], [190, 220], [240, 241], [242, 243], [242, 278], [244, 245], [244, 247], [250, 251], [250, 259], [285, 287], [287, 289], [289, 304], [318, 319], [318, 320], [320, 321], [320, 325], [338, 339], [338, 340], [345, 346], [345, 348], [348, 349], [348, 351]], "missing_branches": [[240, 242], [285, 286], [287, 288], [289, 290]], "functions": {"panelview": {"executed_lines": [108, 109, 110, 111, 112, 114, 115, 119, 120, 131, 150, 160], "summary": {"covered_lines": 12, "num_statements": 12, "percent_covered": 100.0, "percent_covered_display": "100", "missing_lines": 0, "excluded_lines": 0, "num_branches": 10, "num_partial_branches": 0, "covered_branches": 10, "missing_branches": 0}, "missing_lines": [], "excluded_lines": [], "executed_branches": [[108, 109], [108, 111], [109, 108], [109, 110], [111, 112], [111, 114], [114, 115], [114, 119], [119, 120], [119, 150]], "missing_branches": []}, "_prepare_panelview_df_for_outcome_plot": {"executed_lines": [182, 183, 185, 187, 188, 190, 192, 195, 201, 202, 208, 215, 216, 217, 218, 220], "summary": {"covered_lines": 16, "num_statements": 16, "percent_covered": 100.0, "percent_covered_display": "100", "missing_lines": 0, "excluded_lines": 0, "num_branches": 6, "num_partial_branches": 0, "covered_branches": 6, "missing_branches": 0}, "missing_lines": [], "excluded_lines": [], "executed_branches": [[182, 183], [182, 185], [187, 188], [187, 190], [190, 192], [190, 220]], "missing_branches": []}, "_prepare_panelview_df_for_outcome_plot.get_treatment_start": {"executed_lines": [193], "summary": {"covered_lines": 1, "num_statements": 1, "percent_covered": 100.0, "percent_covered_display": "100", "missing_lines": 0, "excluded_lines": 0, "num_branches": 0, "num_partial_branches": 0, "covered_branches": 0, "missing_branches": 0}, "missing_lines": [], "excluded_lines": [], "executed_branches": [], "missing_branches": []}, "_plot_panelview_output_plot": {"executed_lines": [240, 241, 242, 243, 244, 245, 247, 250, 251, 259, 262, 270, 278, 279, 280, 284, 285, 287, 289, 304], "summary": {"covered_lines": 20, "num_statements": 24, "percent_covered": 78.94736842105263, "percent_covered_display": "79", "missing_lines": 4, "excluded_lines": 0, "num_branches": 14, "num_partial_branches": 4, "covered_branches": 10, "missing_branches": 4}, "missing_lines": [286, 288, 290, 295], "excluded_lines": [], "executed_branches": [[240, 241], [242, 243], [242, 278], [244, 245], [244, 247], [250, 251], [250, 259], [285, 287], [287, 289], [289, 304]], "missing_branches": [[240, 242], [285, 286], [287, 288], [289, 290]]}, "_prepare_df_for_panelview": {"executed_lines": [316, 317, 318, 319, 320, 321, 325], "summary": {"covered_lines": 7, "num_statements": 7, "percent_covered": 100.0, "percent_covered_display": "100", "missing_lines": 0, "excluded_lines": 0, "num_branches": 4, "num_partial_branches": 0, "covered_branches": 4, "missing_branches": 0}, "missing_lines": [], "excluded_lines": [], "executed_branches": [[318, 319], [318, 320], [320, 321], [320, 325]], "missing_branches": []}, "_plot_panelview": {"executed_lines": [338, 339, 340, 341, 342, 343, 345, 346, 347, 348, 349, 351], "summary": {"covered_lines": 12, "num_statements": 12, "percent_covered": 100.0, "percent_covered_display": "100", "missing_lines": 0, "excluded_lines": 0, "num_branches": 6, "num_partial_branches": 0, "covered_branches": 6, "missing_branches": 0}, "missing_lines": [], "excluded_lines": [], "executed_branches": [[338, 339], [338, 340], [345, 346], [345, 348], [348, 349], [348, 351]], "missing_branches": []}, "": {"executed_lines": [1, 3, 4, 7, 172, 223, 307, 328], "summary": {"covered_lines": 8, "num_statements": 8, "percent_covered": 100.0, "percent_covered_display": "100", "missing_lines": 0, "excluded_lines": 0, "num_branches": 0, "num_partial_branches": 0, "covered_branches": 0, "missing_branches": 0}, "missing_lines": [], "excluded_lines": [], "executed_branches": [], "missing_branches": []}}, "classes": {"": {"executed_lines": [1, 3, 4, 7, 108, 109, 110, 111, 112, 114, 115, 119, 120, 131, 150, 160, 172, 182, 183, 185, 187, 188, 190, 192, 193, 195, 201, 202, 208, 215, 216, 217, 218, 220, 223, 240, 241, 242, 243, 244, 245, 247, 250, 251, 259, 262, 270, 278, 279, 280, 284, 285, 287, 289, 304, 307, 316, 317, 318, 319, 320, 321, 325, 328, 338, 339, 340, 341, 342, 343, 345, 346, 347, 348, 349, 351], "summary": {"covered_lines": 76, "num_statements": 80, "percent_covered": 93.33333333333333, "percent_covered_display": "93", "missing_lines": 4, "excluded_lines": 0, "num_branches": 40, "num_partial_branches": 4, "covered_branches": 36, "missing_branches": 4}, "missing_lines": [286, 288, 290, 295], "excluded_lines": [], "executed_branches": [[108, 109], [108, 111], [109, 108], [109, 110], [111, 112], [111, 114], [114, 115], [114, 119], [119, 120], [119, 150], [182, 183], [182, 185], [187, 188], [187, 190], [190, 192], [190, 220], [240, 241], [242, 243], [242, 278], [244, 245], [244, 247], [250, 251], [250, 259], [285, 287], [287, 289], [289, 304], [318, 319], [318, 320], [320, 321], [320, 325], [338, 339], [338, 340], [345, 346], [345, 348], [348, 349], [348, 351]], "missing_branches": [[240, 242], [285, 286], [287, 288], [289, 290]]}}}, "pyfixest/errors/__init__.py": {"executed_lines": [1, 2, 5, 6, 9, 10, 13, 14, 17, 18, 21, 22, 25, 26, 29, 30, 33, 34, 37, 38, 41, 42, 45, 46, 49, 50, 53, 54, 57, 58, 61], "summary": {"covered_lines": 31, "num_statements": 31, "percent_covered": 100.0, "percent_covered_display": "100", "missing_lines": 0, "excluded_lines": 0, "num_branches": 0, "num_partial_branches": 0, "covered_branches": 0, "missing_branches": 0}, "missing_lines": [], "excluded_lines": [], "executed_branches": [], "missing_branches": [], "functions": {"": {"executed_lines": [1, 2, 5, 6, 9, 10, 13, 14, 17, 18, 21, 22, 25, 26, 29, 30, 33, 34, 37, 38, 41, 42, 45, 46, 49, 50, 53, 54, 57, 58, 61], "summary": {"covered_lines": 31, "num_statements": 31, "percent_covered": 100.0, "percent_covered_display": "100", "missing_lines": 0, "excluded_lines": 0, "num_branches": 0, "num_partial_branches": 0, "covered_branches": 0, "missing_branches": 0}, "missing_lines": [], "excluded_lines": [], "executed_branches": [], "missing_branches": []}}, "classes": {"FixedEffectInteractionError": {"executed_lines": [], "summary": {"covered_lines": 0, "num_statements": 0, "percent_covered": 100.0, "percent_covered_display": "100", "missing_lines": 0, "excluded_lines": 0, "num_branches": 0, "num_partial_branches": 0, "covered_branches": 0, "missing_branches": 0}, "missing_lines": [], "excluded_lines": [], "executed_branches": [], "missing_branches": []}, "CovariateInteractionError": {"executed_lines": [], "summary": {"covered_lines": 0, "num_statements": 0, "percent_covered": 100.0, "percent_covered_display": "100", "missing_lines": 0, "excluded_lines": 0, "num_branches": 0, "num_partial_branches": 0, "covered_branches": 0, "missing_branches": 0}, "missing_lines": [], "excluded_lines": [], "executed_branches": [], "missing_branches": []}, "DuplicateKeyError": {"executed_lines": [], "summary": {"covered_lines": 0, "num_statements": 0, "percent_covered": 100.0, "percent_covered_display": "100", "missing_lines": 0, "excluded_lines": 0, "num_branches": 0, "num_partial_branches": 0, "covered_branches": 0, "missing_branches": 0}, "missing_lines": [], "excluded_lines": [], "executed_branches": [], "missing_branches": []}, "EndogVarsAsCovarsError": {"executed_lines": [], "summary": {"covered_lines": 0, "num_statements": 0, "percent_covered": 100.0, "percent_covered_display": "100", "missing_lines": 0, "excluded_lines": 0, "num_branches": 0, "num_partial_branches": 0, "covered_branches": 0, "missing_branches": 0}, "missing_lines": [], "excluded_lines": [], "executed_branches": [], "missing_branches": []}, "InstrumentsAsCovarsError": {"executed_lines": [], "summary": {"covered_lines": 0, "num_statements": 0, "percent_covered": 100.0, "percent_covered_display": "100", "missing_lines": 0, "excluded_lines": 0, "num_branches": 0, "num_partial_branches": 0, "covered_branches": 0, "missing_branches": 0}, "missing_lines": [], "excluded_lines": [], "executed_branches": [], "missing_branches": []}, "UnderDeterminedIVError": {"executed_lines": [], "summary": {"covered_lines": 0, "num_statements": 0, "percent_covered": 100.0, "percent_covered_display": "100", "missing_lines": 0, "excluded_lines": 0, "num_branches": 0, "num_partial_branches": 0, "covered_branches": 0, "missing_branches": 0}, "missing_lines": [], "excluded_lines": [], "executed_branches": [], "missing_branches": []}, "UnsupportedMultipleEstimationSyntax": {"executed_lines": [], "summary": {"covered_lines": 0, "num_statements": 0, "percent_covered": 100.0, "percent_covered_display": "100", "missing_lines": 0, "excluded_lines": 0, "num_branches": 0, "num_partial_branches": 0, "covered_branches": 0, "missing_branches": 0}, "missing_lines": [], "excluded_lines": [], "executed_branches": [], "missing_branches": []}, "VcovTypeNotSupportedError": {"executed_lines": [], "summary": {"covered_lines": 0, "num_statements": 0, "percent_covered": 100.0, "percent_covered_display": "100", "missing_lines": 0, "excluded_lines": 0, "num_branches": 0, "num_partial_branches": 0, "covered_branches": 0, "missing_branches": 0}, "missing_lines": [], "excluded_lines": [], "executed_branches": [], "missing_branches": []}, "NanInClusterVarError": {"executed_lines": [], "summary": {"covered_lines": 0, "num_statements": 0, "percent_covered": 100.0, "percent_covered_display": "100", "missing_lines": 0, "excluded_lines": 0, "num_branches": 0, "num_partial_branches": 0, "covered_branches": 0, "missing_branches": 0}, "missing_lines": [], "excluded_lines": [], "executed_branches": [], "missing_branches": []}, "DepvarIsNotNumericError": {"executed_lines": [], "summary": {"covered_lines": 0, "num_statements": 0, "percent_covered": 100.0, "percent_covered_display": "100", "missing_lines": 0, "excluded_lines": 0, "num_branches": 0, "num_partial_branches": 0, "covered_branches": 0, "missing_branches": 0}, "missing_lines": [], "excluded_lines": [], "executed_branches": [], "missing_branches": []}, "NonConvergenceError": {"executed_lines": [], "summary": {"covered_lines": 0, "num_statements": 0, "percent_covered": 100.0, "percent_covered_display": "100", "missing_lines": 0, "excluded_lines": 0, "num_branches": 0, "num_partial_branches": 0, "covered_branches": 0, "missing_branches": 0}, "missing_lines": [], "excluded_lines": [], "executed_branches": [], "missing_branches": []}, "MatrixNotFullRankError": {"executed_lines": [], "summary": {"covered_lines": 0, "num_statements": 0, "percent_covered": 100.0, "percent_covered_display": "100", "missing_lines": 0, "excluded_lines": 0, "num_branches": 0, "num_partial_branches": 0, "covered_branches": 0, "missing_branches": 0}, "missing_lines": [], "excluded_lines": [], "executed_branches": [], "missing_branches": []}, "EmptyDesignMatrixError": {"executed_lines": [], "summary": {"covered_lines": 0, "num_statements": 0, "percent_covered": 100.0, "percent_covered_display": "100", "missing_lines": 0, "excluded_lines": 0, "num_branches": 0, "num_partial_branches": 0, "covered_branches": 0, "missing_branches": 0}, "missing_lines": [], "excluded_lines": [], "executed_branches": [], "missing_branches": []}, "FeatureDeprecationError": {"executed_lines": [], "summary": {"covered_lines": 0, "num_statements": 0, "percent_covered": 100.0, "percent_covered_display": "100", "missing_lines": 0, "excluded_lines": 0, "num_branches": 0, "num_partial_branches": 0, "covered_branches": 0, "missing_branches": 0}, "missing_lines": [], "excluded_lines": [], "executed_branches": [], "missing_branches": []}, "EmptyVcovError": {"executed_lines": [], "summary": {"covered_lines": 0, "num_statements": 0, "percent_covered": 100.0, "percent_covered_display": "100", "missing_lines": 0, "excluded_lines": 0, "num_branches": 0, "num_partial_branches": 0, "covered_branches": 0, "missing_branches": 0}, "missing_lines": [], "excluded_lines": [], "executed_branches": [], "missing_branches": []}, "": {"executed_lines": [1, 2, 5, 6, 9, 10, 13, 14, 17, 18, 21, 22, 25, 26, 29, 30, 33, 34, 37, 38, 41, 42, 45, 46, 49, 50, 53, 54, 57, 58, 61], "summary": {"covered_lines": 31, "num_statements": 31, "percent_covered": 100.0, "percent_covered_display": "100", "missing_lines": 0, "excluded_lines": 0, "num_branches": 0, "num_partial_branches": 0, "covered_branches": 0, "missing_branches": 0}, "missing_lines": [], "excluded_lines": [], "executed_branches": [], "missing_branches": []}}}, "pyfixest/estimation/FixestMulti_.py": {"executed_lines": [1, 2, 3, 4, 6, 8, 9, 10, 11, 12, 13, 14, 15, 16, 22, 23, 24, 25, 26, 29, 30, 32, 98, 99, 100, 101, 102, 103, 104, 105, 106, 107, 108, 109, 110, 112, 113, 115, 116, 117, 118, 120, 122, 124, 126, 127, 129, 132, 133, 136, 137, 138, 139, 140, 141, 142, 143, 144, 145, 146, 147, 148, 150, 210, 211, 212, 213, 214, 215, 216, 217, 218, 219, 220, 221, 223, 224, 225, 226, 228, 229, 230, 235, 236, 237, 240, 241, 243, 288, 289, 291, 297, 298, 299, 303, 305, 321, 342, 343, 349, 355, 363, 364, 373, 374, 380, 392, 393, 400, 405, 406, 408, 409, 410, 411, 412, 413, 414, 416, 417, 419, 421, 423, 424, 432, 433, 434, 435, 436, 438, 440, 441, 442, 444, 446, 458, 460, 504, 535, 547, 560, 572, 585, 597, 680, 697, 700, 701, 703, 704, 705, 706, 707, 710, 727], "summary": {"covered_lines": 154, "num_statements": 188, "percent_covered": 82.5, "percent_covered_display": "82", "missing_lines": 34, "excluded_lines": 0, "num_branches": 52, "num_partial_branches": 2, "covered_branches": 44, "missing_branches": 8}, "missing_lines": [487, 488, 489, 491, 492, 499, 500, 502, 523, 524, 525, 526, 527, 528, 530, 531, 533, 545, 558, 570, 583, 595, 648, 649, 650, 652, 664, 665, 667, 674, 676, 678, 698, 702], "excluded_lines": [], "executed_branches": [[116, 117], [116, 122], [117, 118], [117, 120], [126, 127], [126, 129], [220, 221], [220, 223], [297, -243], [297, 298], [298, 297], [298, 299], [305, 298], [305, 321], [342, 343], [342, 349], [349, 355], [349, 363], [363, 364], [363, 373], [373, 374], [373, 380], [392, 393], [392, 400], [409, 410], [409, 411], [412, 413], [412, 414], [416, 417], [416, 419], [421, 423], [421, 438], [433, 434], [433, 435], [435, 436], [435, 438], [440, 441], [440, 444], [441, 305], [441, 442], [697, 700], [701, 703], [704, 705], [704, 706]], "missing_branches": [[487, 488], [487, 502], [524, 525], [524, 530], [649, 650], [649, 676], [697, 698], [701, 702]], "functions": {"FixestMulti.__init__": {"executed_lines": [98, 99, 100, 101, 102, 103, 104, 105, 106, 107, 108, 109, 110, 112, 113, 115, 116, 117, 118, 120, 122, 124, 126, 127, 129, 132, 133, 136, 137, 138, 139, 140, 141, 142, 143, 144, 145, 146, 147, 148], "summary": {"covered_lines": 40, "num_statements": 40, "percent_covered": 100.0, "percent_covered_display": "100", "missing_lines": 0, "excluded_lines": 0, "num_branches": 6, "num_partial_branches": 0, "covered_branches": 6, "missing_branches": 0}, "missing_lines": [], "excluded_lines": [], "executed_branches": [[116, 117], [116, 122], [117, 118], [117, 120], [126, 127], [126, 129]], "missing_branches": []}, "FixestMulti._prepare_estimation": {"executed_lines": [210, 211, 212, 213, 214, 215, 216, 217, 218, 219, 220, 221, 223, 224, 225, 226, 228, 229, 230, 235, 236, 237, 240, 241], "summary": {"covered_lines": 24, "num_statements": 24, "percent_covered": 100.0, "percent_covered_display": "100", "missing_lines": 0, "excluded_lines": 0, "num_branches": 2, "num_partial_branches": 0, "covered_branches": 2, "missing_branches": 0}, "missing_lines": [], "excluded_lines": [], "executed_branches": [[220, 221], [220, 223]], "missing_branches": []}, "FixestMulti._estimate_all_models": {"executed_lines": [288, 289, 291, 297, 298, 299, 303, 305, 321, 342, 343, 349, 355, 363, 364, 373, 374, 380, 392, 393, 400, 405, 406, 408, 409, 410, 411, 412, 413, 414, 416, 417, 419, 421, 423, 424, 432, 433, 434, 435, 436, 438, 440, 441, 442, 444], "summary": {"covered_lines": 46, "num_statements": 46, "percent_covered": 100.0, "percent_covered_display": "100", "missing_lines": 0, "excluded_lines": 0, "num_branches": 32, "num_partial_branches": 0, "covered_branches": 32, "missing_branches": 0}, "missing_lines": [], "excluded_lines": [], "executed_branches": [[297, -243], [297, 298], [298, 297], [298, 299], [305, 298], [305, 321], [342, 343], [342, 349], [349, 355], [349, 363], [363, 364], [363, 373], [373, 374], [373, 380], [392, 393], [392, 400], [409, 410], [409, 411], [412, 413], [412, 414], [416, 417], [416, 419], [421, 423], [421, 438], [433, 434], [433, 435], [435, 436], [435, 438], [440, 441], [440, 444], [441, 305], [441, 442]], "missing_branches": []}, "FixestMulti.to_list": {"executed_lines": [458], "summary": {"covered_lines": 1, "num_statements": 1, "percent_covered": 100.0, "percent_covered_display": "100", "missing_lines": 0, "excluded_lines": 0, "num_branches": 0, "num_partial_branches": 0, "covered_branches": 0, "missing_branches": 0}, "missing_lines": [], "excluded_lines": [], "executed_branches": [], "missing_branches": []}, "FixestMulti.vcov": {"executed_lines": [], "summary": {"covered_lines": 0, "num_statements": 8, "percent_covered": 0.0, "percent_covered_display": "0", "missing_lines": 8, "excluded_lines": 0, "num_branches": 2, "num_partial_branches": 0, "covered_branches": 0, "missing_branches": 2}, "missing_lines": [487, 488, 489, 491, 492, 499, 500, 502], "excluded_lines": [], "executed_branches": [], "missing_branches": [[487, 488], [487, 502]]}, "FixestMulti.tidy": {"executed_lines": [], "summary": {"covered_lines": 0, "num_statements": 9, "percent_covered": 0.0, "percent_covered_display": "0", "missing_lines": 9, "excluded_lines": 0, "num_branches": 2, "num_partial_branches": 0, "covered_branches": 0, "missing_branches": 2}, "missing_lines": [523, 524, 525, 526, 527, 528, 530, 531, 533], "excluded_lines": [], "executed_branches": [], "missing_branches": [[524, 525], [524, 530]]}, "FixestMulti.coef": {"executed_lines": [], "summary": {"covered_lines": 0, "num_statements": 1, "percent_covered": 0.0, "percent_covered_display": "0", "missing_lines": 1, "excluded_lines": 0, "num_branches": 0, "num_partial_branches": 0, "covered_branches": 0, "missing_branches": 0}, "missing_lines": [545], "excluded_lines": [], "executed_branches": [], "missing_branches": []}, "FixestMulti.se": {"executed_lines": [], "summary": {"covered_lines": 0, "num_statements": 1, "percent_covered": 0.0, "percent_covered_display": "0", "missing_lines": 1, "excluded_lines": 0, "num_branches": 0, "num_partial_branches": 0, "covered_branches": 0, "missing_branches": 0}, "missing_lines": [558], "excluded_lines": [], "executed_branches": [], "missing_branches": []}, "FixestMulti.tstat": {"executed_lines": [], "summary": {"covered_lines": 0, "num_statements": 1, "percent_covered": 0.0, "percent_covered_display": "0", "missing_lines": 1, "excluded_lines": 0, "num_branches": 0, "num_partial_branches": 0, "covered_branches": 0, "missing_branches": 0}, "missing_lines": [570], "excluded_lines": [], "executed_branches": [], "missing_branches": []}, "FixestMulti.pvalue": {"executed_lines": [], "summary": {"covered_lines": 0, "num_statements": 1, "percent_covered": 0.0, "percent_covered_display": "0", "missing_lines": 1, "excluded_lines": 0, "num_branches": 0, "num_partial_branches": 0, "covered_branches": 0, "missing_branches": 0}, "missing_lines": [583], "excluded_lines": [], "executed_branches": [], "missing_branches": []}, "FixestMulti.confint": {"executed_lines": [], "summary": {"covered_lines": 0, "num_statements": 1, "percent_covered": 0.0, "percent_covered_display": "0", "missing_lines": 1, "excluded_lines": 0, "num_branches": 0, "num_partial_branches": 0, "covered_branches": 0, "missing_branches": 0}, "missing_lines": [595], "excluded_lines": [], "executed_branches": [], "missing_branches": []}, "FixestMulti.wildboottest": {"executed_lines": [], "summary": {"covered_lines": 0, "num_statements": 10, "percent_covered": 0.0, "percent_covered_display": "0", "missing_lines": 10, "excluded_lines": 0, "num_branches": 2, "num_partial_branches": 0, "covered_branches": 0, "missing_branches": 2}, "missing_lines": [648, 649, 650, 652, 664, 665, 667, 674, 676, 678], "excluded_lines": [], "executed_branches": [], "missing_branches": [[649, 650], [649, 676]]}, "FixestMulti.fetch_model": {"executed_lines": [697, 700, 701, 703, 704, 705, 706, 707], "summary": {"covered_lines": 8, "num_statements": 10, "percent_covered": 75.0, "percent_covered_display": "75", "missing_lines": 2, "excluded_lines": 0, "num_branches": 6, "num_partial_branches": 2, "covered_branches": 4, "missing_branches": 2}, "missing_lines": [698, 702], "excluded_lines": [], "executed_branches": [[697, 700], [701, 703], [704, 705], [704, 706]], "missing_branches": [[697, 698], [701, 702]]}, "_drop_singletons": {"executed_lines": [727], "summary": {"covered_lines": 1, "num_statements": 1, "percent_covered": 100.0, "percent_covered_display": "100", "missing_lines": 0, "excluded_lines": 0, "num_branches": 0, "num_partial_branches": 0, "covered_branches": 0, "missing_branches": 0}, "missing_lines": [], "excluded_lines": [], "executed_branches": [], "missing_branches": []}, "": {"executed_lines": [1, 2, 3, 4, 6, 8, 9, 10, 11, 12, 13, 14, 15, 16, 22, 23, 24, 25, 26, 29, 30, 32, 150, 243, 446, 460, 504, 535, 547, 560, 572, 585, 597, 680, 710], "summary": {"covered_lines": 34, "num_statements": 34, "percent_covered": 100.0, "percent_covered_display": "100", "missing_lines": 0, "excluded_lines": 0, "num_branches": 0, "num_partial_branches": 0, "covered_branches": 0, "missing_branches": 0}, "missing_lines": [], "excluded_lines": [], "executed_branches": [], "missing_branches": []}}, "classes": {"FixestMulti": {"executed_lines": [98, 99, 100, 101, 102, 103, 104, 105, 106, 107, 108, 109, 110, 112, 113, 115, 116, 117, 118, 120, 122, 124, 126, 127, 129, 132, 133, 136, 137, 138, 139, 140, 141, 142, 143, 144, 145, 146, 147, 148, 210, 211, 212, 213, 214, 215, 216, 217, 218, 219, 220, 221, 223, 224, 225, 226, 228, 229, 230, 235, 236, 237, 240, 241, 288, 289, 291, 297, 298, 299, 303, 305, 321, 342, 343, 349, 355, 363, 364, 373, 374, 380, 392, 393, 400, 405, 406, 408, 409, 410, 411, 412, 413, 414, 416, 417, 419, 421, 423, 424, 432, 433, 434, 435, 436, 438, 440, 441, 442, 444, 458, 697, 700, 701, 703, 704, 705, 706, 707], "summary": {"covered_lines": 119, "num_statements": 153, "percent_covered": 79.51219512195122, "percent_covered_display": "80", "missing_lines": 34, "excluded_lines": 0, "num_branches": 52, "num_partial_branches": 2, "covered_branches": 44, "missing_branches": 8}, "missing_lines": [487, 488, 489, 491, 492, 499, 500, 502, 523, 524, 525, 526, 527, 528, 530, 531, 533, 545, 558, 570, 583, 595, 648, 649, 650, 652, 664, 665, 667, 674, 676, 678, 698, 702], "excluded_lines": [], "executed_branches": [[116, 117], [116, 122], [117, 118], [117, 120], [126, 127], [126, 129], [220, 221], [220, 223], [297, -243], [297, 298], [298, 297], [298, 299], [305, 298], [305, 321], [342, 343], [342, 349], [349, 355], [349, 363], [363, 364], [363, 373], [373, 374], [373, 380], [392, 393], [392, 400], [409, 410], [409, 411], [412, 413], [412, 414], [416, 417], [416, 419], [421, 423], [421, 438], [433, 434], [433, 435], [435, 436], [435, 438], [440, 441], [440, 444], [441, 305], [441, 442], [697, 700], [701, 703], [704, 705], [704, 706]], "missing_branches": [[487, 488], [487, 502], [524, 525], [524, 530], [649, 650], [649, 676], [697, 698], [701, 702]]}, "": {"executed_lines": [1, 2, 3, 4, 6, 8, 9, 10, 11, 12, 13, 14, 15, 16, 22, 23, 24, 25, 26, 29, 30, 32, 150, 243, 446, 460, 504, 535, 547, 560, 572, 585, 597, 680, 710, 727], "summary": {"covered_lines": 35, "num_statements": 35, "percent_covered": 100.0, "percent_covered_display": "100", "missing_lines": 0, "excluded_lines": 0, "num_branches": 0, "num_partial_branches": 0, "covered_branches": 0, "missing_branches": 0}, "missing_lines": [], "excluded_lines": [], "executed_branches": [], "missing_branches": []}}}, "pyfixest/estimation/FormulaParser.py": {"executed_lines": [1, 2, 3, 5, 14, 15, 29, 44, 50, 51, 54, 59, 62, 64, 69, 70, 71, 72, 73, 74, 75, 76, 77, 78, 82, 83, 91, 130, 137, 138, 140, 141, 142, 144, 187, 188, 195, 197, 200, 202, 213, 218, 220, 221, 222, 231, 232, 270, 278, 279, 280, 282, 283, 284, 286, 288, 296, 331, 332, 333, 334, 335, 337, 338, 340, 342, 343, 345, 346, 348, 350, 374, 375, 377, 378, 384, 385, 393, 425, 428, 430, 431, 433, 436, 456, 458, 459, 460, 461, 462, 463, 464, 466, 469, 520, 523, 524, 526, 527, 528, 529, 530, 531, 532, 533, 535, 536, 538, 539, 540, 541, 542, 543, 544, 547, 549, 550, 552, 553, 555, 556, 558, 559, 560, 567, 569, 572, 593, 597, 598, 606, 663, 665, 666, 668, 671, 672, 676, 677, 678, 687, 690, 719, 722, 723, 724, 725, 726, 727, 728, 729, 730, 731, 732, 733, 735, 736, 738, 740, 741, 742, 743, 747, 748, 749, 751, 752, 753, 754, 759, 760, 762, 763, 764, 768, 771, 774, 799, 800, 801, 802, 805, 806, 807, 809, 812, 813, 814, 816, 820, 823, 841, 842, 843], "summary": {"covered_lines": 191, "num_statements": 198, "percent_covered": 94.82758620689656, "percent_covered_display": "95", "missing_lines": 7, "excluded_lines": 1, "num_branches": 92, "num_partial_branches": 6, "covered_branches": 84, "missing_branches": 8}, "missing_lines": [281, 426, 679, 680, 682, 766, 769], "excluded_lines": [222], "executed_branches": [[73, 74], [73, 82], [140, 141], [140, 142], [187, 188], [187, 197], [188, -144], [188, 195], [197, -144], [197, 200], [213, 218], [213, 220], [280, 282], [342, 343], [342, 345], [345, 346], [345, 348], [377, -350], [377, 378], [384, -350], [384, 385], [425, 428], [458, 459], [458, 466], [460, 461], [460, 464], [462, 460], [462, 463], [526, 527], [526, 530], [530, 531], [530, 541], [531, 532], [531, 538], [541, 542], [552, 553], [552, 555], [555, 556], [555, 558], [558, 559], [558, 569], [559, 560], [559, 567], [597, -572], [597, 598], [666, 668], [666, 687], [671, 672], [671, 676], [676, 677], [722, 723], [722, 725], [725, 726], [725, 728], [728, 729], [728, 731], [731, 732], [731, 735], [741, 742], [741, 751], [742, 743], [742, 747], [748, 749], [748, 751], [752, 753], [752, 763], [753, 754], [753, 762], [759, 760], [759, 768], [763, 764], [768, 771], [805, 806], [805, 812], [806, 807], [806, 809], [812, 813], [812, 820], [813, 814], [813, 816], [841, -823], [841, 842], [842, 841], [842, 843]], "missing_branches": [[280, 281], [425, 426], [541, 549], [676, 679], [679, 680], [679, 682], [763, 766], [768, 769]], "functions": {"FixestFormulaParser.__init__": {"executed_lines": [44, 50, 51, 54, 59, 62, 64, 69, 70, 71, 72, 73, 74, 75, 76, 77, 78, 82, 83], "summary": {"covered_lines": 19, "num_statements": 19, "percent_covered": 100.0, "percent_covered_display": "100", "missing_lines": 0, "excluded_lines": 0, "num_branches": 2, "num_partial_branches": 0, "covered_branches": 2, "missing_branches": 0}, "missing_lines": [], "excluded_lines": [], "executed_branches": [[73, 74], [73, 82]], "missing_branches": []}, "FixestFormulaParser.add_to_FixestFormulaDict": {"executed_lines": [130, 137, 138, 140, 141, 142], "summary": {"covered_lines": 6, "num_statements": 6, "percent_covered": 100.0, "percent_covered_display": "100", "missing_lines": 0, "excluded_lines": 0, "num_branches": 2, "num_partial_branches": 0, "covered_branches": 2, "missing_branches": 0}, "missing_lines": [], "excluded_lines": [], "executed_branches": [[140, 141], [140, 142]], "missing_branches": []}, "FixestFormulaParser.populate_fixest_formula_dict": {"executed_lines": [187, 188, 195, 197, 200], "summary": {"covered_lines": 5, "num_statements": 5, "percent_covered": 100.0, "percent_covered_display": "100", "missing_lines": 0, "excluded_lines": 0, "num_branches": 6, "num_partial_branches": 0, "covered_branches": 6, "missing_branches": 0}, "missing_lines": [], "excluded_lines": [], "executed_branches": [[187, 188], [187, 197], [188, -144], [188, 195], [197, -144], [197, 200]], "missing_branches": []}, "FixestFormulaParser.set_fixest_multi_flag": {"executed_lines": [213, 218, 220, 221, 222], "summary": {"covered_lines": 4, "num_statements": 4, "percent_covered": 100.0, "percent_covered_display": "100", "missing_lines": 0, "excluded_lines": 1, "num_branches": 2, "num_partial_branches": 0, "covered_branches": 2, "missing_branches": 0}, "missing_lines": [], "excluded_lines": [222], "executed_branches": [[213, 218], [213, 220]], "missing_branches": []}, "FixestFormula.__init__": {"executed_lines": [278, 279, 280, 282, 283, 284], "summary": {"covered_lines": 6, "num_statements": 7, "percent_covered": 77.77777777777777, "percent_covered_display": "78", "missing_lines": 1, "excluded_lines": 0, "num_branches": 2, "num_partial_branches": 1, "covered_branches": 1, "missing_branches": 1}, "missing_lines": [281], "excluded_lines": [], "executed_branches": [[280, 282]], "missing_branches": [[280, 281]]}, "FixestFormula.get_first_and_second_stage_fml": {"executed_lines": [288], "summary": {"covered_lines": 1, "num_statements": 1, "percent_covered": 100.0, "percent_covered_display": "100", "missing_lines": 0, "excluded_lines": 0, "num_branches": 0, "num_partial_branches": 0, "covered_branches": 0, "missing_branches": 0}, "missing_lines": [], "excluded_lines": [], "executed_branches": [], "missing_branches": []}, "FixestFormula.get_fml": {"executed_lines": [331, 332, 333, 334, 335, 337, 338, 340, 342, 343, 345, 346, 348], "summary": {"covered_lines": 13, "num_statements": 13, "percent_covered": 100.0, "percent_covered_display": "100", "missing_lines": 0, "excluded_lines": 0, "num_branches": 4, "num_partial_branches": 0, "covered_branches": 4, "missing_branches": 0}, "missing_lines": [], "excluded_lines": [], "executed_branches": [[342, 343], [342, 345], [345, 346], [345, 348]], "missing_branches": []}, "FixestFormula.check_syntax": {"executed_lines": [374, 375, 377, 378, 384, 385], "summary": {"covered_lines": 6, "num_statements": 6, "percent_covered": 100.0, "percent_covered_display": "100", "missing_lines": 0, "excluded_lines": 0, "num_branches": 4, "num_partial_branches": 0, "covered_branches": 4, "missing_branches": 0}, "missing_lines": [], "excluded_lines": [], "executed_branches": [[377, -350], [377, 378], [384, -350], [384, 385]], "missing_branches": []}, "_get_first_and_second_stage_fml": {"executed_lines": [425, 428, 430, 431, 433], "summary": {"covered_lines": 5, "num_statements": 6, "percent_covered": 75.0, "percent_covered_display": "75", "missing_lines": 1, "excluded_lines": 0, "num_branches": 2, "num_partial_branches": 1, "covered_branches": 1, "missing_branches": 1}, "missing_lines": [426], "excluded_lines": [], "executed_branches": [[425, 428]], "missing_branches": [[425, 426]]}, "collect_fml_dict": {"executed_lines": [456, 458, 459, 460, 461, 462, 463, 464, 466], "summary": {"covered_lines": 9, "num_statements": 9, "percent_covered": 100.0, "percent_covered_display": "100", "missing_lines": 0, "excluded_lines": 0, "num_branches": 6, "num_partial_branches": 0, "covered_branches": 6, "missing_branches": 0}, "missing_lines": [], "excluded_lines": [], "executed_branches": [[458, 459], [458, 466], [460, 461], [460, 464], [462, 460], [462, 463]], "missing_branches": []}, "_deparse_fml": {"executed_lines": [520, 523, 524, 526, 527, 528, 529, 530, 531, 532, 533, 535, 536, 538, 539, 540, 541, 542, 543, 544, 547, 549, 550, 552, 553, 555, 556, 558, 559, 560, 567, 569], "summary": {"covered_lines": 32, "num_statements": 32, "percent_covered": 97.91666666666667, "percent_covered_display": "98", "missing_lines": 0, "excluded_lines": 0, "num_branches": 16, "num_partial_branches": 1, "covered_branches": 15, "missing_branches": 1}, "missing_lines": [], "excluded_lines": [], "executed_branches": [[526, 527], [526, 530], [530, 531], [530, 541], [531, 532], [531, 538], [541, 542], [552, 553], [552, 555], [555, 556], [555, 558], [558, 559], [558, 569], [559, 560], [559, 567]], "missing_branches": [[541, 549]]}, "_check_endogvars_as_covars": {"executed_lines": [593, 597, 598], "summary": {"covered_lines": 3, "num_statements": 3, "percent_covered": 100.0, "percent_covered_display": "100", "missing_lines": 0, "excluded_lines": 0, "num_branches": 2, "num_partial_branches": 0, "covered_branches": 2, "missing_branches": 0}, "missing_lines": [], "excluded_lines": [], "executed_branches": [[597, -572], [597, 598]], "missing_branches": []}, "_input_formula_to_dict": {"executed_lines": [663, 665, 666, 668, 671, 672, 676, 677, 678, 687], "summary": {"covered_lines": 10, "num_statements": 13, "percent_covered": 71.42857142857143, "percent_covered_display": "71", "missing_lines": 3, "excluded_lines": 0, "num_branches": 8, "num_partial_branches": 1, "covered_branches": 5, "missing_branches": 3}, "missing_lines": [679, 680, 682], "excluded_lines": [], "executed_branches": [[666, 668], [666, 687], [671, 672], [671, 676], [676, 677]], "missing_branches": [[676, 679], [679, 680], [679, 682]]}, "_dict_to_list_of_formulas": {"executed_lines": [719, 722, 723, 724, 725, 726, 727, 728, 729, 730, 731, 732, 733, 735, 736, 738, 740, 741, 742, 743, 747, 748, 749, 751, 752, 753, 754, 759, 760, 762, 763, 764, 768, 771], "summary": {"covered_lines": 34, "num_statements": 36, "percent_covered": 93.33333333333333, "percent_covered_display": "93", "missing_lines": 2, "excluded_lines": 0, "num_branches": 24, "num_partial_branches": 2, "covered_branches": 22, "missing_branches": 2}, "missing_lines": [766, 769], "excluded_lines": [], "executed_branches": [[722, 723], [722, 725], [725, 726], [725, 728], [728, 729], [728, 731], [731, 732], [731, 735], [741, 742], [741, 751], [742, 743], [742, 747], [748, 749], [748, 751], [752, 753], [752, 763], [753, 754], [753, 762], [759, 760], [759, 768], [763, 764], [768, 771]], "missing_branches": [[763, 766], [768, 769]]}, "_find_multiple_estimation_syntax": {"executed_lines": [799, 800, 801, 802, 805, 806, 807, 809, 812, 813, 814, 816, 820], "summary": {"covered_lines": 13, "num_statements": 13, "p
[...]
97, 102]], "missing_branches": [[76, 77]]}, "docstring_from": {"executed_lines": [], "summary": {"covered_lines": 0, "num_statements": 2, "percent_covered": 0.0, "percent_covered_display": "0", "missing_lines": 2, "excluded_lines": 0, "num_branches": 0, "num_partial_branches": 0, "covered_branches": 0, "missing_branches": 0}, "missing_lines": [111, 115], "excluded_lines": [], "executed_branches": [], "missing_branches": []}, "docstring_from.decorator": {"executed_lines": [], "summary": {"covered_lines": 0, "num_statements": 2, "percent_covered": 0.0, "percent_covered_display": "0", "missing_lines": 2, "excluded_lines": 0, "num_branches": 0, "num_partial_branches": 0, "covered_branches": 0, "missing_branches": 0}, "missing_lines": [112, 113], "excluded_lines": [], "executed_branches": [], "missing_branches": []}, "_check_series_or_dataframe": {"executed_lines": [119, 122], "summary": {"covered_lines": 2, "num_statements": 3, "percent_covered": 60.0, "percent_covered_display": "60", "missing_lines": 1, "excluded_lines": 0, "num_branches": 2, "num_partial_branches": 1, "covered_branches": 1, "missing_branches": 1}, "missing_lines": [120], "excluded_lines": [], "executed_branches": [[119, 122]], "missing_branches": [[119, 120]]}, "_to_list": {"executed_lines": [], "summary": {"covered_lines": 0, "num_statements": 3, "percent_covered": 0.0, "percent_covered_display": "0", "missing_lines": 3, "excluded_lines": 0, "num_branches": 2, "num_partial_branches": 0, "covered_branches": 0, "missing_branches": 2}, "missing_lines": [126, 127, 128], "excluded_lines": [], "executed_branches": [], "missing_branches": [[126, 127], [126, 128]]}, "_drop_cols": {"executed_lines": [147, 148, 149, 150, 151, 152, 154], "summary": {"covered_lines": 7, "num_statements": 7, "percent_covered": 100.0, "percent_covered_display": "100", "missing_lines": 0, "excluded_lines": 0, "num_branches": 2, "num_partial_branches": 0, "covered_branches": 2, "missing_branches": 0}, "missing_lines": [], "excluded_lines": [], "executed_branches": [[147, 148], [147, 154]], "missing_branches": []}, "_extract_variable_level": {"executed_lines": [172, 173, 174, 177, 178, 180], "summary": {"covered_lines": 6, "num_statements": 7, "percent_covered": 77.77777777777777, "percent_covered_display": "78", "missing_lines": 1, "excluded_lines": 0, "num_branches": 2, "num_partial_branches": 1, "covered_branches": 1, "missing_branches": 1}, "missing_lines": [175], "excluded_lines": [], "executed_branches": [[174, 177]], "missing_branches": [[174, 175]]}, "": {"executed_lines": [1, 2, 4, 5, 6, 7, 9, 12, 16, 35, 108, 118, 125, 131, 157], "summary": {"covered_lines": 15, "num_statements": 15, "percent_covered": 100.0, "percent_covered_display": "100", "missing_lines": 0, "excluded_lines": 0, "num_branches": 0, "num_partial_branches": 0, "covered_branches": 0, "missing_branches": 0}, "missing_lines": [], "excluded_lines": [], "executed_branches": [], "missing_branches": []}}, "classes": {"": {"executed_lines": [1, 2, 4, 5, 6, 7, 9, 12, 13, 16, 30, 31, 32, 35, 71, 72, 73, 74, 76, 78, 79, 81, 82, 83, 84, 85, 86, 89, 91, 92, 94, 95, 96, 97, 100, 102, 103, 105, 108, 118, 119, 122, 125, 131, 147, 148, 149, 150, 151, 152, 154, 157, 172, 173, 174, 177, 178, 180], "summary": {"covered_lines": 58, "num_statements": 68, "percent_covered": 84.6938775510204, "percent_covered_display": "85", "missing_lines": 10, "excluded_lines": 0, "num_branches": 30, "num_partial_branches": 3, "covered_branches": 25, "missing_branches": 5}, "missing_lines": [77, 111, 112, 113, 115, 120, 126, 127, 128, 175], "excluded_lines": [], "executed_branches": [[30, 31], [30, 32], [71, 72], [71, 73], [73, 74], [73, 76], [76, 78], [78, 79], [78, 81], [83, 84], [83, 94], [85, 86], [85, 92], [86, 89], [86, 91], [94, 95], [94, 105], [96, 97], [96, 103], [97, 100], [97, 102], [119, 122], [147, 148], [147, 154], [174, 177]], "missing_branches": [[76, 77], [119, 120], [126, 127], [126, 128], [174, 175]]}}}, "pyfixest/utils/dgps.py": {"executed_lines": [1, 2, 5, 7, 8, 9, 21, 22, 23, 24, 31, 36, 37, 40, 70, 71, 72, 77, 80, 83, 86, 87, 88, 89, 90, 91, 93, 95, 96, 98, 99, 100, 101, 103, 106, 107, 109, 112, 113, 114, 117, 118, 119, 122, 123, 124, 128, 136, 138, 139, 140, 141, 142, 151, 152, 153, 154, 157, 171, 172, 173, 174, 175, 180, 183, 184, 195, 198, 201, 203, 204, 205, 206, 207, 208, 210, 213, 214, 215, 216, 217, 219, 222, 223, 225, 227, 228, 231, 233, 236, 237, 239, 240, 243, 248, 249, 250, 255, 256, 258, 266, 268, 269, 270, 271, 272, 273, 274, 284, 285, 288, 290, 291, 292, 294, 295, 296, 302, 310], "summary": {"covered_lines": 119, "num_statements": 120, "percent_covered": 97.40259740259741, "percent_covered_display": "97", "missing_lines": 1, "excluded_lines": 0, "num_branches": 34, "num_partial_branches": 3, "covered_branches": 31, "missing_branches": 3}, "missing_lines": [97], "excluded_lines": [], "executed_branches": [[71, 72], [71, 77], [90, 91], [90, 93], [96, 98], [100, 101], [100, 103], [106, 107], [106, 109], [113, 114], [113, 117], [123, 124], [123, 128], [136, 138], [136, 154], [171, 172], [171, 173], [173, 174], [173, 175], [175, 180], [207, 208], [207, 210], [216, 217], [216, 219], [222, 223], [222, 225], [233, 236], [233, 255], [239, 240], [239, 243], [266, 268]], "missing_branches": [[96, 97], [175, 195], [266, 285]], "functions": {"get_blw": {"executed_lines": [7, 8, 9, 21, 22, 23, 24, 31], "summary": {"covered_lines": 8, "num_statements": 8, "percent_covered": 100.0, "percent_covered_display": "100", "missing_lines": 0, "excluded_lines": 0, "num_branches": 0, "num_partial_branches": 0, "covered_branches": 0, "missing_branches": 0}, "missing_lines": [], "excluded_lines": [], "executed_branches": [], "missing_branches": []}, "get_sharkfin": {"executed_lines": [70, 71, 72, 77, 80, 83, 86, 87, 88, 89, 90, 91, 93, 95, 96, 98, 99, 100, 101, 103, 106, 107, 109, 112, 113, 114, 117, 118, 119, 122, 123, 124, 128, 136, 138, 139, 140, 141, 142, 151, 152, 153, 154], "summary": {"covered_lines": 43, "num_statements": 44, "percent_covered": 96.66666666666667, "percent_covered_display": "97", "missing_lines": 1, "excluded_lines": 0, "num_branches": 16, "num_partial_branches": 1, "covered_branches": 15, "missing_branches": 1}, "missing_lines": [97], "excluded_lines": [], "executed_branches": [[71, 72], [71, 77], [90, 91], [90, 93], [96, 98], [100, 101], [100, 103], [106, 107], [106, 109], [113, 114], [113, 117], [123, 124], [123, 128], [136, 138], [136, 154]], "missing_branches": [[96, 97]]}, "get_panel_dgp_stagg": {"executed_lines": [171, 172, 173, 174, 175, 180, 183, 184, 195, 198, 201, 203, 204, 205, 206, 207, 208, 210, 213, 214, 215, 216, 217, 219, 222, 223, 225, 227, 228, 231, 233, 236, 237, 239, 240, 243, 248, 249, 250, 255, 256, 258, 266, 268, 269, 270, 271, 272, 273, 274, 284, 285], "summary": {"covered_lines": 52, "num_statements": 52, "percent_covered": 97.14285714285714, "percent_covered_display": "97", "missing_lines": 0, "excluded_lines": 0, "num_branches": 18, "num_partial_branches": 2, "covered_branches": 16, "missing_branches": 2}, "missing_lines": [], "excluded_lines": [], "executed_branches": [[171, 172], [171, 173], [173, 174], [173, 175], [175, 180], [207, 208], [207, 210], [216, 217], [216, 219], [222, 223], [222, 225], [233, 236], [233, 255], [239, 240], [239, 243], [266, 268]], "missing_branches": [[175, 195], [266, 285]]}, "gelbach_data": {"executed_lines": [290, 291, 292, 294, 295, 296, 302, 310], "summary": {"covered_lines": 8, "num_statements": 8, "percent_covered": 100.0, "percent_covered_display": "100", "missing_lines": 0, "excluded_lines": 0, "num_branches": 0, "num_partial_branches": 0, "covered_branches": 0, "missing_branches": 0}, "missing_lines": [], "excluded_lines": [], "executed_branches": [], "missing_branches": []}, "": {"executed_lines": [1, 2, 5, 36, 37, 40, 157, 288], "summary": {"covered_lines": 8, "num_statements": 8, "percent_covered": 100.0, "percent_covered_display": "100", "missing_lines": 0, "excluded_lines": 0, "num_branches": 0, "num_partial_branches": 0, "covered_branches": 0, "missing_branches": 0}, "missing_lines": [], "excluded_lines": [], "executed_branches": [], "missing_branches": []}}, "classes": {"": {"executed_lines": [1, 2, 5, 7, 8, 9, 21, 22, 23, 24, 31, 36, 37, 40, 70, 71, 72, 77, 80, 83, 86, 87, 88, 89, 90, 91, 93, 95, 96, 98, 99, 100, 101, 103, 106, 107, 109, 112, 113, 114, 117, 118, 119, 122, 123, 124, 128, 136, 138, 139, 140, 141, 142, 151, 152, 153, 154, 157, 171, 172, 173, 174, 175, 180, 183, 184, 195, 198, 201, 203, 204, 205, 206, 207, 208, 210, 213, 214, 215, 216, 217, 219, 222, 223, 225, 227, 228, 231, 233, 236, 237, 239, 240, 243, 248, 249, 250, 255, 256, 258, 266, 268, 269, 270, 271, 272, 273, 274, 284, 285, 288, 290, 291, 292, 294, 295, 296, 302, 310], "summary": {"covered_lines": 119, "num_statements": 120, "percent_covered": 97.40259740259741, "percent_covered_display": "97", "missing_lines": 1, "excluded_lines": 0, "num_branches": 34, "num_partial_branches": 3, "covered_branches": 31, "missing_branches": 3}, "missing_lines": [97], "excluded_lines": [], "executed_branches": [[71, 72], [71, 77], [90, 91], [90, 93], [96, 98], [100, 101], [100, 103], [106, 107], [106, 109], [113, 114], [113, 117], [123, 124], [123, 128], [136, 138], [136, 154], [171, 172], [171, 173], [173, 174], [173, 175], [175, 180], [207, 208], [207, 210], [216, 217], [216, 219], [222, 223], [222, 225], [233, 236], [233, 255], [239, 240], [239, 243], [266, 268]], "missing_branches": [[96, 97], [175, 195], [266, 285]]}}}, "pyfixest/utils/set_rpy2_path.py": {"executed_lines": [], "summary": {"covered_lines": 0, "num_statements": 15, "percent_covered": 0.0, "percent_covered_display": "0", "missing_lines": 15, "excluded_lines": 0, "num_branches": 0, "num_partial_branches": 0, "covered_branches": 0, "missing_branches": 0}, "missing_lines": [1, 2, 5, 7, 10, 20, 23, 26, 27, 28, 29, 30, 31, 32, 35], "excluded_lines": [], "executed_branches": [], "missing_branches": [], "functions": {"update_r_paths": {"executed_lines": [], "summary": {"covered_lines": 0, "num_statements": 4, "percent_covered": 0.0, "percent_covered_display": "0", "missing_lines": 4, "excluded_lines": 0, "num_branches": 0, "num_partial_branches": 0, "covered_branches": 0, "missing_branches": 0}, "missing_lines": [7, 10, 20, 23], "excluded_lines": [], "executed_branches": [], "missing_branches": []}, "_check_update_r_paths": {"executed_lines": [], "summary": {"covered_lines": 0, "num_statements": 6, "percent_covered": 0.0, "percent_covered_display": "0", "missing_lines": 6, "excluded_lines": 0, "num_branches": 0, "num_partial_branches": 0, "covered_branches": 0, "missing_branches": 0}, "missing_lines": [27, 28, 29, 30, 31, 32], "excluded_lines": [], "executed_branches": [], "missing_branches": []}, "": {"executed_lines": [], "summary": {"covered_lines": 0, "num_statements": 5, "percent_covered": 0.0, "percent_covered_display": "0", "missing_lines": 5, "excluded_lines": 0, "num_branches": 0, "num_partial_branches": 0, "covered_branches": 0, "missing_branches": 0}, "missing_lines": [1, 2, 5, 26, 35], "excluded_lines": [], "executed_branches": [], "missing_branches": []}}, "classes": {"": {"executed_lines": [], "summary": {"covered_lines": 0, "num_statements": 15, "percent_covered": 0.0, "percent_covered_display": "0", "missing_lines": 15, "excluded_lines": 0, "num_branches": 0, "num_partial_branches": 0, "covered_branches": 0, "missing_branches": 0}, "missing_lines": [1, 2, 5, 7, 10, 20, 23, 26, 27, 28, 29, 30, 31, 32, 35], "excluded_lines": [], "executed_branches": [], "missing_branches": []}}}, "pyfixest/utils/utils.py": {"executed_lines": [1, 2, 3, 5, 6, 7, 8, 10, 13, 92, 99, 100, 101, 107, 108, 109, 110, 111, 112, 113, 114, 116, 118, 122, 124, 127, 135, 185, 186, 187, 188, 190, 191, 197, 199, 200, 201, 202, 203, 204, 206, 210, 211, 213, 217, 218, 221, 222, 223, 224, 225, 226, 230, 231, 234, 262, 263, 264, 269, 270, 272, 273, 274, 276, 277, 279, 280, 281, 283, 285, 288, 289, 290, 291, 292, 293, 298, 299, 300, 301, 302, 303, 308, 309, 310, 311, 312, 313, 314, 315, 319, 320, 322, 323, 324, 326, 329, 330, 331, 334, 335, 338, 339, 341, 343, 346, 348, 349, 350, 351, 353, 356, 384, 385, 386, 388, 389, 390, 391, 394, 422, 425], "summary": {"covered_lines": 122, "num_statements": 140, "percent_covered": 84.15841584158416, "percent_covered_display": "84", "missing_lines": 18, "excluded_lines": 0, "num_branches": 62, "num_partial_branches": 10, "covered_branches": 48, "missing_branches": 14}, "missing_lines": [117, 119, 123, 125, 215, 228, 295, 305, 317, 441, 442, 443, 445, 446, 447, 449, 450, 452], "excluded_lines": [], "executed_branches": [[99, 100], [99, 116], [100, 99], [100, 101], [107, 108], [107, 109], [109, 110], [109, 111], [111, 112], [111, 113], [113, 114], [116, 118], [118, 122], [122, 124], [124, 127], [199, 200], [199, 201], [201, 202], [201, 211], [202, 203], [202, 204], [204, 206], [204, 210], [211, 213], [217, 218], [217, 221], [221, 222], [221, 230], [222, 223], [222, 224], [224, 225], [288, 289], [288, 290], [290, 291], [290, 292], [292, 293], [298, 299], [298, 300], [300, 301], [300, 302], [302, 303], [308, 309], [308, 311], [311, 312], [338, 339], [338, 341], [346, 348], [346, 353]], "missing_branches": [[113, 99], [116, 117], [118, 119], [122, 123], [124, 125], [211, 215], [224, 228], [292, 295], [302, 305], [311, 317], [445, 446], [445, 452], [449, 445], [449, 450]], "functions": {"ssc": {"executed_lines": [92, 99, 100, 101, 107, 108, 109, 110, 111, 112, 113, 114, 116, 118, 122, 124, 127], "summary": {"covered_lines": 17, "num_statements": 21, "percent_covered": 78.04878048780488, "percent_covered_display": "78", "missing_lines": 4, "excluded_lines": 0, "num_branches": 20, "num_partial_branches": 5, "covered_branches": 15, "missing_branches": 5}, "missing_lines": [117, 119, 123, 125], "excluded_lines": [], "executed_branches": [[99, 100], [99, 116], [100, 99], [100, 101], [107, 108], [107, 109], [109, 110], [109, 111], [111, 112], [111, 113], [113, 114], [116, 118], [118, 122], [122, 124], [124, 127]], "missing_branches": [[113, 99], [116, 117], [118, 119], [122, 123], [124, 125]]}, "get_ssc": {"executed_lines": [185, 186, 187, 188, 190, 191, 197, 199, 200, 201, 202, 203, 204, 206, 210, 211, 213, 217, 218, 221, 222, 223, 224, 225, 226, 230, 231], "summary": {"covered_lines": 27, "num_statements": 29, "percent_covered": 91.48936170212765, "percent_covered_display": "91", "missing_lines": 2, "excluded_lines": 0, "num_branches": 18, "num_partial_branches": 2, "covered_branches": 16, "missing_branches": 2}, "missing_lines": [215, 228], "excluded_lines": [], "executed_branches": [[199, 200], [199, 201], [201, 202], [201, 211], [202, 203], [202, 204], [204, 206], [204, 210], [211, 213], [217, 218], [217, 221], [221, 222], [221, 230], [222, 223], [222, 224], [224, 225]], "missing_branches": [[211, 215], [224, 228]]}, "get_data": {"executed_lines": [262, 263, 264, 269, 270, 272, 273, 274, 276, 277, 279, 280, 281, 283, 285, 288, 289, 290, 291, 292, 293, 298, 299, 300, 301, 302, 303, 308, 309, 310, 311, 312, 313, 314, 315, 319, 320, 322, 323, 324, 326, 329, 330, 331, 334, 335, 338, 339, 341, 343, 346, 348, 349, 350, 351, 353], "summary": {"covered_lines": 56, "num_statements": 59, "percent_covered": 92.40506329113924, "percent_covered_display": "92", "missing_lines": 3, "excluded_lines": 0, "num_branches": 20, "num_partial_branches": 3, "covered_branches": 17, "missing_branches": 3}, "missing_lines": [295, 305, 317], "excluded_lines": [], "executed_branches": [[288, 289], [288, 290], [290, 291], [290, 292], [292, 293], [298, 299], [298, 300], [300, 301], [300, 302], [302, 303], [308, 309], [308, 311], [311, 312], [338, 339], [338, 341], [346, 348], [346, 353]], "missing_branches": [[292, 295], [302, 305], [311, 317]]}, "simultaneous_crit_val": {"executed_lines": [384, 388, 389, 390, 391], "summary": {"covered_lines": 5, "num_statements": 5, "percent_covered": 100.0, "percent_covered_display": "100", "missing_lines": 0, "excluded_lines": 0, "num_branches": 0, "num_partial_branches": 0, "covered_branches": 0, "missing_branches": 0}, "missing_lines": [], "excluded_lines": [], "executed_branches": [], "missing_branches": []}, "simultaneous_crit_val.msqrt": {"executed_lines": [385, 386], "summary": {"covered_lines": 2, "num_statements": 2, "percent_covered": 100.0, "percent_covered_display": "100", "missing_lines": 0, "excluded_lines": 0, "num_branches": 0, "num_partial_branches": 0, "covered_branches": 0, "missing_branches": 0}, "missing_lines": [], "excluded_lines": [], "executed_branches": [], "missing_branches": []}, "capture_context": {"executed_lines": [422], "summary": {"covered_lines": 1, "num_statements": 1, "percent_covered": 100.0, "percent_covered_display": "100", "missing_lines": 0, "excluded_lines": 0, "num_branches": 0, "num_partial_branches": 0, "covered_branches": 0, "missing_branches": 0}, "missing_lines": [], "excluded_lines": [], "executed_branches": [], "missing_branches": []}, "_check_balanced": {"executed_lines": [], "summary": {"covered_lines": 0, "num_statements": 9, "percent_covered": 0.0, "percent_covered_display": "0", "missing_lines": 9, "excluded_lines": 0, "num_branches": 4, "num_partial_branches": 0, "covered_branches": 0, "missing_branches": 4}, "missing_lines": [441, 442, 443, 445, 446, 447, 449, 450, 452], "excluded_lines": [], "executed_branches": [], "missing_branches": [[445, 446], [445, 452], [449, 445], [449, 450]]}, "": {"executed_lines": [1, 2, 3, 5, 6, 7, 8, 10, 13, 135, 234, 356, 394, 425], "summary": {"covered_lines": 14, "num_statements": 14, "percent_covered": 100.0, "percent_covered_display": "100", "missing_lines": 0, "excluded_lines": 0, "num_branches": 0, "num_partial_branches": 0, "covered_branches": 0, "missing_branches": 0}, "missing_lines": [], "excluded_lines": [], "executed_branches": [], "missing_branches": []}}, "classes": {"": {"executed_lines": [1, 2, 3, 5, 6, 7, 8, 10, 13, 92, 99, 100, 101, 107, 108, 109, 110, 111, 112, 113, 114, 116, 118, 122, 124, 127, 135, 185, 186, 187, 188, 190, 191, 197, 199, 200, 201, 202, 203, 204, 206, 210, 211, 213, 217, 218, 221, 222, 223, 224, 225, 226, 230, 231, 234, 262, 263, 264, 269, 270, 272, 273, 274, 276, 277, 279, 280, 281, 283, 285, 288, 289, 290, 291, 292, 293, 298, 299, 300, 301, 302, 303, 308, 309, 310, 311, 312, 313, 314, 315, 319, 320, 322, 323, 324, 326, 329, 330, 331, 334, 335, 338, 339, 341, 343, 346, 348, 349, 350, 351, 353, 356, 384, 385, 386, 388, 389, 390, 391, 394, 422, 425], "summary": {"covered_lines": 122, "num_statements": 140, "percent_covered": 84.15841584158416, "percent_covered_display": "84", "missing_lines": 18, "excluded_lines": 0, "num_branches": 62, "num_partial_branches": 10, "covered_branches": 48, "missing_branches": 14}, "missing_lines": [117, 119, 123, 125, 215, 228, 295, 305, 317, 441, 442, 443, 445, 446, 447, 449, 450, 452], "excluded_lines": [], "executed_branches": [[99, 100], [99, 116], [100, 99], [100, 101], [107, 108], [107, 109], [109, 110], [109, 111], [111, 112], [111, 113], [113, 114], [116, 118], [118, 122], [122, 124], [124, 127], [199, 200], [199, 201], [201, 202], [201, 211], [202, 203], [202, 204], [204, 206], [204, 210], [211, 213], [217, 218], [217, 221], [221, 222], [221, 230], [222, 223], [222, 224], [224, 225], [288, 289], [288, 290], [290, 291], [290, 292], [292, 293], [298, 299], [298, 300], [300, 301], [300, 302], [302, 303], [308, 309], [308, 311], [311, 312], [338, 339], [338, 341], [346, 348], [346, 353]], "missing_branches": [[113, 99], [116, 117], [118, 119], [122, 123], [124, 125], [211, 215], [224, 228], [292, 295], [302, 305], [311, 317], [445, 446], [445, 452], [449, 445], [449, 450]]}}}}, "totals": {"covered_lines": 5150, "num_statements": 6106, "percent_covered": 82.1831869510665, "percent_covered_display": "82", "missing_lines": 956, "excluded_lines": 43, "num_branches": 1864, "num_partial_branches": 260, "covered_branches": 1400, "missing_branches": 464}}
